{"D:\\code\\git\\stellar-burgers\\src\\services\\constructor\\slice.ts": {"path":"D:\\code\\git\\stellar-burgers\\src\\services\\constructor\\slice.ts","all":false,"statementMap":{"0":{"start":{"line":1,"column":0},"end":{"line":1,"column":62}},"1":{"start":{"line":2,"column":0},"end":{"line":2,"column":72}},"2":{"start":{"line":3,"column":0},"end":{"line":3,"column":0}},"3":{"start":{"line":4,"column":0},"end":{"line":4,"column":26}},"4":{"start":{"line":5,"column":0},"end":{"line":5,"column":26}},"5":{"start":{"line":6,"column":0},"end":{"line":6,"column":40}},"6":{"start":{"line":7,"column":0},"end":{"line":7,"column":2}},"7":{"start":{"line":8,"column":0},"end":{"line":8,"column":0}},"8":{"start":{"line":9,"column":0},"end":{"line":9,"column":48}},"9":{"start":{"line":10,"column":0},"end":{"line":10,"column":12}},"10":{"start":{"line":11,"column":0},"end":{"line":11,"column":17}},"11":{"start":{"line":12,"column":0},"end":{"line":12,"column":2}},"12":{"start":{"line":13,"column":0},"end":{"line":13,"column":0}},"13":{"start":{"line":14,"column":0},"end":{"line":14,"column":45}},"14":{"start":{"line":15,"column":0},"end":{"line":15,"column":28}},"15":{"start":{"line":16,"column":0},"end":{"line":16,"column":15}},"16":{"start":{"line":17,"column":0},"end":{"line":17,"column":13}},"17":{"start":{"line":18,"column":0},"end":{"line":18,"column":60}},"18":{"start":{"line":19,"column":0},"end":{"line":19,"column":33}},"19":{"start":{"line":20,"column":0},"end":{"line":20,"column":6}},"20":{"start":{"line":21,"column":0},"end":{"line":21,"column":78}},"21":{"start":{"line":22,"column":0},"end":{"line":22,"column":45}},"22":{"start":{"line":23,"column":0},"end":{"line":23,"column":6}},"23":{"start":{"line":24,"column":0},"end":{"line":24,"column":65}},"24":{"start":{"line":25,"column":0},"end":{"line":25,"column":51}},"25":{"start":{"line":26,"column":0},"end":{"line":26,"column":44}},"26":{"start":{"line":27,"column":0},"end":{"line":27,"column":8}},"27":{"start":{"line":28,"column":0},"end":{"line":28,"column":6}},"28":{"start":{"line":29,"column":0},"end":{"line":29,"column":21}},"29":{"start":{"line":30,"column":0},"end":{"line":30,"column":12}},"30":{"start":{"line":31,"column":0},"end":{"line":31,"column":67}},"31":{"start":{"line":32,"column":0},"end":{"line":32,"column":10}},"32":{"start":{"line":33,"column":0},"end":{"line":33,"column":52}},"33":{"start":{"line":34,"column":0},"end":{"line":34,"column":49}},"34":{"start":{"line":35,"column":0},"end":{"line":35,"column":55}},"35":{"start":{"line":36,"column":0},"end":{"line":36,"column":44}},"36":{"start":{"line":37,"column":0},"end":{"line":37,"column":38}},"37":{"start":{"line":38,"column":0},"end":{"line":38,"column":6}},"38":{"start":{"line":39,"column":0},"end":{"line":39,"column":34}},"39":{"start":{"line":40,"column":0},"end":{"line":40,"column":23}},"40":{"start":{"line":41,"column":0},"end":{"line":41,"column":29}},"41":{"start":{"line":42,"column":0},"end":{"line":42,"column":5}},"42":{"start":{"line":43,"column":0},"end":{"line":43,"column":3}},"43":{"start":{"line":44,"column":0},"end":{"line":44,"column":3}},"44":{"start":{"line":45,"column":0},"end":{"line":45,"column":0}},"45":{"start":{"line":46,"column":0},"end":{"line":46,"column":14}},"46":{"start":{"line":47,"column":0},"end":{"line":47,"column":9}},"47":{"start":{"line":48,"column":0},"end":{"line":48,"column":16}},"48":{"start":{"line":49,"column":0},"end":{"line":49,"column":19}},"49":{"start":{"line":50,"column":0},"end":{"line":50,"column":17}},"50":{"start":{"line":51,"column":0},"end":{"line":51,"column":18}},"51":{"start":{"line":52,"column":0},"end":{"line":52,"column":29}},"52":{"start":{"line":53,"column":0},"end":{"line":53,"column":0}},"53":{"start":{"line":54,"column":0},"end":{"line":54,"column":40}}},"s":{"0":1,"1":1,"2":1,"3":1,"4":1,"5":1,"6":1,"7":1,"8":1,"9":1,"10":1,"11":1,"12":1,"13":1,"14":1,"15":1,"16":1,"17":1,"18":0,"19":1,"20":1,"21":1,"22":1,"23":1,"24":1,"25":1,"26":1,"27":1,"28":1,"29":1,"30":1,"31":1,"32":1,"33":1,"34":1,"35":1,"36":1,"37":1,"38":1,"39":0,"40":0,"41":0,"42":1,"43":1,"44":1,"45":1,"46":1,"47":1,"48":1,"49":1,"50":1,"51":1,"52":1,"53":1},"branchMap":{"0":{"type":"branch","line":21,"loc":{"start":{"line":21,"column":19},"end":{"line":23,"column":5}},"locations":[{"start":{"line":21,"column":19},"end":{"line":23,"column":5}}]},"1":{"type":"branch","line":24,"loc":{"start":{"line":24,"column":22},"end":{"line":28,"column":5}},"locations":[{"start":{"line":24,"column":22},"end":{"line":28,"column":5}}]},"2":{"type":"branch","line":26,"loc":{"start":{"line":26,"column":8},"end":{"line":26,"column":22}},"locations":[{"start":{"line":26,"column":8},"end":{"line":26,"column":22}}]},"3":{"type":"branch","line":29,"loc":{"start":{"line":29,"column":20},"end":{"line":38,"column":5}},"locations":[{"start":{"line":29,"column":20},"end":{"line":38,"column":5}}]}},"b":{"0":[1],"1":[1],"2":[2],"3":[1]},"fnMap":{"0":{"name":"addBun","decl":{"start":{"line":18,"column":12},"end":{"line":20,"column":5}},"loc":{"start":{"line":18,"column":12},"end":{"line":20,"column":5}},"line":18},"1":{"name":"addIngredient","decl":{"start":{"line":21,"column":19},"end":{"line":23,"column":5}},"loc":{"start":{"line":21,"column":19},"end":{"line":23,"column":5}},"line":21},"2":{"name":"removeIngredient","decl":{"start":{"line":24,"column":22},"end":{"line":28,"column":5}},"loc":{"start":{"line":24,"column":22},"end":{"line":28,"column":5}},"line":24},"3":{"name":"moveIngredient","decl":{"start":{"line":29,"column":20},"end":{"line":38,"column":5}},"loc":{"start":{"line":29,"column":20},"end":{"line":38,"column":5}},"line":29},"4":{"name":"clearConstructor","decl":{"start":{"line":39,"column":22},"end":{"line":42,"column":5}},"loc":{"start":{"line":39,"column":22},"end":{"line":42,"column":5}},"line":39}},"f":{"0":0,"1":1,"2":1,"3":1,"4":0}}
,"D:\\code\\git\\stellar-burgers\\src\\services\\feed\\slice.ts": {"path":"D:\\code\\git\\stellar-burgers\\src\\services\\feed\\slice.ts","all":false,"statementMap":{"0":{"start":{"line":1,"column":0},"end":{"line":1,"column":65}},"1":{"start":{"line":2,"column":0},"end":{"line":2,"column":53}},"2":{"start":{"line":3,"column":0},"end":{"line":3,"column":38}},"3":{"start":{"line":4,"column":0},"end":{"line":4,"column":0}},"4":{"start":{"line":5,"column":0},"end":{"line":5,"column":28}},"5":{"start":{"line":6,"column":0},"end":{"line":6,"column":19}},"6":{"start":{"line":7,"column":0},"end":{"line":7,"column":16}},"7":{"start":{"line":8,"column":0},"end":{"line":8,"column":21}},"8":{"start":{"line":9,"column":0},"end":{"line":9,"column":21}},"9":{"start":{"line":10,"column":0},"end":{"line":10,"column":23}},"10":{"start":{"line":11,"column":0},"end":{"line":11,"column":1}},"11":{"start":{"line":12,"column":0},"end":{"line":12,"column":0}},"12":{"start":{"line":13,"column":0},"end":{"line":13,"column":40}},"13":{"start":{"line":14,"column":0},"end":{"line":14,"column":13}},"14":{"start":{"line":15,"column":0},"end":{"line":15,"column":11}},"15":{"start":{"line":16,"column":0},"end":{"line":16,"column":16}},"16":{"start":{"line":17,"column":0},"end":{"line":17,"column":19}},"17":{"start":{"line":18,"column":0},"end":{"line":18,"column":13}},"18":{"start":{"line":19,"column":0},"end":{"line":19,"column":2}},"19":{"start":{"line":20,"column":0},"end":{"line":20,"column":0}},"20":{"start":{"line":21,"column":0},"end":{"line":21,"column":46}},"21":{"start":{"line":22,"column":0},"end":{"line":22,"column":23}},"22":{"start":{"line":23,"column":0},"end":{"line":23,"column":15}},"23":{"start":{"line":24,"column":0},"end":{"line":24,"column":41}},"24":{"start":{"line":25,"column":0},"end":{"line":25,"column":20}},"25":{"start":{"line":26,"column":0},"end":{"line":26,"column":3}},"26":{"start":{"line":27,"column":0},"end":{"line":27,"column":2}},"27":{"start":{"line":28,"column":0},"end":{"line":28,"column":0}},"28":{"start":{"line":29,"column":0},"end":{"line":29,"column":38}},"29":{"start":{"line":30,"column":0},"end":{"line":30,"column":15}},"30":{"start":{"line":31,"column":0},"end":{"line":31,"column":15}},"31":{"start":{"line":32,"column":0},"end":{"line":32,"column":13}},"32":{"start":{"line":33,"column":0},"end":{"line":33,"column":32}},"33":{"start":{"line":34,"column":0},"end":{"line":34,"column":25}},"34":{"start":{"line":35,"column":0},"end":{"line":35,"column":5}},"35":{"start":{"line":36,"column":0},"end":{"line":36,"column":4}},"36":{"start":{"line":37,"column":0},"end":{"line":37,"column":31}},"37":{"start":{"line":38,"column":0},"end":{"line":38,"column":11}},"38":{"start":{"line":39,"column":0},"end":{"line":39,"column":50}},"39":{"start":{"line":40,"column":0},"end":{"line":40,"column":31}},"40":{"start":{"line":41,"column":0},"end":{"line":41,"column":27}},"41":{"start":{"line":42,"column":0},"end":{"line":42,"column":8}},"42":{"start":{"line":43,"column":0},"end":{"line":43,"column":60}},"43":{"start":{"line":44,"column":0},"end":{"line":44,"column":32}},"44":{"start":{"line":45,"column":0},"end":{"line":45,"column":45}},"45":{"start":{"line":46,"column":0},"end":{"line":46,"column":43}},"46":{"start":{"line":47,"column":0},"end":{"line":47,"column":53}},"47":{"start":{"line":48,"column":0},"end":{"line":48,"column":8}},"48":{"start":{"line":49,"column":0},"end":{"line":49,"column":59}},"49":{"start":{"line":50,"column":0},"end":{"line":50,"column":32}},"50":{"start":{"line":51,"column":0},"end":{"line":51,"column":21}},"51":{"start":{"line":52,"column":0},"end":{"line":52,"column":70}},"52":{"start":{"line":53,"column":0},"end":{"line":53,"column":9}},"53":{"start":{"line":54,"column":0},"end":{"line":54,"column":4}},"54":{"start":{"line":55,"column":0},"end":{"line":55,"column":14}},"55":{"start":{"line":56,"column":0},"end":{"line":56,"column":46}},"56":{"start":{"line":57,"column":0},"end":{"line":57,"column":44}},"57":{"start":{"line":58,"column":0},"end":{"line":58,"column":54}},"58":{"start":{"line":59,"column":0},"end":{"line":59,"column":50}},"59":{"start":{"line":60,"column":0},"end":{"line":60,"column":43}},"60":{"start":{"line":61,"column":0},"end":{"line":61,"column":3}},"61":{"start":{"line":62,"column":0},"end":{"line":62,"column":3}},"62":{"start":{"line":63,"column":0},"end":{"line":63,"column":0}},"63":{"start":{"line":64,"column":0},"end":{"line":64,"column":52}},"64":{"start":{"line":65,"column":0},"end":{"line":65,"column":0}},"65":{"start":{"line":66,"column":0},"end":{"line":66,"column":33}}},"s":{"0":1,"1":1,"2":1,"3":1,"4":1,"5":1,"6":1,"7":1,"8":1,"9":1,"10":1,"11":1,"12":1,"13":1,"14":1,"15":1,"16":1,"17":1,"18":1,"19":1,"20":1,"21":1,"22":1,"23":0,"24":0,"25":0,"26":1,"27":1,"28":1,"29":1,"30":1,"31":1,"32":1,"33":1,"34":1,"35":1,"36":1,"37":2,"38":2,"39":1,"40":1,"41":2,"42":2,"43":1,"44":1,"45":1,"46":1,"47":2,"48":2,"49":1,"50":1,"51":1,"52":2,"53":1,"54":1,"55":1,"56":1,"57":1,"58":1,"59":1,"60":1,"61":1,"62":1,"63":1,"64":1,"65":1},"branchMap":{"0":{"type":"branch","line":33,"loc":{"start":{"line":33,"column":20},"end":{"line":35,"column":5}},"locations":[{"start":{"line":33,"column":20},"end":{"line":35,"column":5}}]},"1":{"type":"branch","line":37,"loc":{"start":{"line":37,"column":17},"end":{"line":54,"column":3}},"locations":[{"start":{"line":37,"column":17},"end":{"line":54,"column":3}}]},"2":{"type":"branch","line":39,"loc":{"start":{"line":39,"column":38},"end":{"line":42,"column":7}},"locations":[{"start":{"line":39,"column":38},"end":{"line":42,"column":7}}]},"3":{"type":"branch","line":43,"loc":{"start":{"line":43,"column":40},"end":{"line":48,"column":7}},"locations":[{"start":{"line":43,"column":40},"end":{"line":48,"column":7}}]},"4":{"type":"branch","line":49,"loc":{"start":{"line":49,"column":39},"end":{"line":53,"column":7}},"locations":[{"start":{"line":49,"column":39},"end":{"line":53,"column":7}}]},"5":{"type":"branch","line":52,"loc":{"start":{"line":52,"column":30},"end":{"line":52,"column":69}},"locations":[{"start":{"line":52,"column":30},"end":{"line":52,"column":69}}]}},"b":{"0":[1],"1":[2],"2":[1],"3":[1],"4":[1],"5":[0]},"fnMap":{"0":{"name":"clearFeedError","decl":{"start":{"line":33,"column":20},"end":{"line":35,"column":5}},"loc":{"start":{"line":33,"column":20},"end":{"line":35,"column":5}},"line":33},"1":{"name":"extraReducers","decl":{"start":{"line":37,"column":17},"end":{"line":54,"column":3}},"loc":{"start":{"line":37,"column":17},"end":{"line":54,"column":3}},"line":37},"2":{"name":"selectFeedOrders","decl":{"start":{"line":56,"column":22},"end":{"line":56,"column":38}},"loc":{"start":{"line":56,"column":22},"end":{"line":56,"column":38}},"line":56},"3":{"name":"selectFeedTotal","decl":{"start":{"line":57,"column":21},"end":{"line":57,"column":37}},"loc":{"start":{"line":57,"column":21},"end":{"line":57,"column":37}},"line":57},"4":{"name":"selectFeedTotalToday","decl":{"start":{"line":58,"column":26},"end":{"line":58,"column":42}},"loc":{"start":{"line":58,"column":26},"end":{"line":58,"column":42}},"line":58},"5":{"name":"selectFeedLoading","decl":{"start":{"line":59,"column":23},"end":{"line":59,"column":39}},"loc":{"start":{"line":59,"column":23},"end":{"line":59,"column":39}},"line":59},"6":{"name":"selectFeedError","decl":{"start":{"line":60,"column":21},"end":{"line":60,"column":37}},"loc":{"start":{"line":60,"column":21},"end":{"line":60,"column":37}},"line":60}},"f":{"0":1,"1":2,"2":0,"3":0,"4":0,"5":0,"6":0}}
,"D:\\code\\git\\stellar-burgers\\src\\services\\ingredients\\actions.ts": {"path":"D:\\code\\git\\stellar-burgers\\src\\services\\ingredients\\actions.ts","all":false,"statementMap":{"0":{"start":{"line":1,"column":0},"end":{"line":1,"column":52}},"1":{"start":{"line":2,"column":0},"end":{"line":2,"column":59}},"2":{"start":{"line":3,"column":0},"end":{"line":3,"column":0}},"3":{"start":{"line":4,"column":0},"end":{"line":4,"column":49}},"4":{"start":{"line":5,"column":0},"end":{"line":5,"column":33}},"5":{"start":{"line":6,"column":0},"end":{"line":6,"column":39}},"6":{"start":{"line":7,"column":0},"end":{"line":7,"column":2}}},"s":{"0":1,"1":1,"2":1,"3":1,"4":1,"5":1,"6":1},"branchMap":{},"b":{},"fnMap":{},"f":{}}
,"D:\\code\\git\\stellar-burgers\\src\\services\\ingredients\\slice.ts": {"path":"D:\\code\\git\\stellar-burgers\\src\\services\\ingredients\\slice.ts","all":false,"statementMap":{"0":{"start":{"line":1,"column":0},"end":{"line":1,"column":47}},"1":{"start":{"line":2,"column":0},"end":{"line":2,"column":48}},"2":{"start":{"line":3,"column":0},"end":{"line":3,"column":45}},"3":{"start":{"line":4,"column":0},"end":{"line":4,"column":0}},"4":{"start":{"line":5,"column":0},"end":{"line":5,"column":26}},"5":{"start":{"line":6,"column":0},"end":{"line":6,"column":29}},"6":{"start":{"line":7,"column":0},"end":{"line":7,"column":21}},"7":{"start":{"line":8,"column":0},"end":{"line":8,"column":23}},"8":{"start":{"line":9,"column":0},"end":{"line":9,"column":2}},"9":{"start":{"line":10,"column":0},"end":{"line":10,"column":0}},"10":{"start":{"line":11,"column":0},"end":{"line":11,"column":48}},"11":{"start":{"line":12,"column":0},"end":{"line":12,"column":18}},"12":{"start":{"line":13,"column":0},"end":{"line":13,"column":19}},"13":{"start":{"line":14,"column":0},"end":{"line":14,"column":13}},"14":{"start":{"line":15,"column":0},"end":{"line":15,"column":2}},"15":{"start":{"line":16,"column":0},"end":{"line":16,"column":0}},"16":{"start":{"line":17,"column":0},"end":{"line":17,"column":44}},"17":{"start":{"line":18,"column":0},"end":{"line":18,"column":22}},"18":{"start":{"line":19,"column":0},"end":{"line":19,"column":15}},"19":{"start":{"line":20,"column":0},"end":{"line":20,"column":15}},"20":{"start":{"line":21,"column":0},"end":{"line":21,"column":31}},"21":{"start":{"line":22,"column":0},"end":{"line":22,"column":11}},"22":{"start":{"line":23,"column":0},"end":{"line":23,"column":53}},"23":{"start":{"line":24,"column":0},"end":{"line":24,"column":31}},"24":{"start":{"line":25,"column":0},"end":{"line":25,"column":27}},"25":{"start":{"line":26,"column":0},"end":{"line":26,"column":8}},"26":{"start":{"line":27,"column":0},"end":{"line":27,"column":63}},"27":{"start":{"line":28,"column":0},"end":{"line":28,"column":32}},"28":{"start":{"line":29,"column":0},"end":{"line":29,"column":43}},"29":{"start":{"line":30,"column":0},"end":{"line":30,"column":27}},"30":{"start":{"line":31,"column":0},"end":{"line":31,"column":8}},"31":{"start":{"line":32,"column":0},"end":{"line":32,"column":62}},"32":{"start":{"line":33,"column":0},"end":{"line":33,"column":32}},"33":{"start":{"line":34,"column":0},"end":{"line":34,"column":77}},"34":{"start":{"line":35,"column":0},"end":{"line":35,"column":9}},"35":{"start":{"line":36,"column":0},"end":{"line":36,"column":3}},"36":{"start":{"line":37,"column":0},"end":{"line":37,"column":3}},"37":{"start":{"line":38,"column":0},"end":{"line":38,"column":0}},"38":{"start":{"line":39,"column":0},"end":{"line":39,"column":39}}},"s":{"0":1,"1":1,"2":1,"3":1,"4":1,"5":1,"6":1,"7":1,"8":1,"9":1,"10":1,"11":1,"12":1,"13":1,"14":1,"15":1,"16":1,"17":1,"18":1,"19":1,"20":1,"21":2,"22":2,"23":1,"24":1,"25":2,"26":2,"27":1,"28":1,"29":1,"30":2,"31":2,"32":1,"33":1,"34":2,"35":2,"36":1,"37":1,"38":1},"branchMap":{"0":{"type":"branch","line":21,"loc":{"start":{"line":21,"column":17},"end":{"line":36,"column":3}},"locations":[{"start":{"line":21,"column":17},"end":{"line":36,"column":3}}]},"1":{"type":"branch","line":23,"loc":{"start":{"line":23,"column":41},"end":{"line":26,"column":7}},"locations":[{"start":{"line":23,"column":41},"end":{"line":26,"column":7}}]},"2":{"type":"branch","line":27,"loc":{"start":{"line":27,"column":43},"end":{"line":31,"column":7}},"locations":[{"start":{"line":27,"column":43},"end":{"line":31,"column":7}}]},"3":{"type":"branch","line":32,"loc":{"start":{"line":32,"column":42},"end":{"line":35,"column":7}},"locations":[{"start":{"line":32,"column":42},"end":{"line":35,"column":7}}]},"4":{"type":"branch","line":34,"loc":{"start":{"line":34,"column":42},"end":{"line":34,"column":76}},"locations":[{"start":{"line":34,"column":42},"end":{"line":34,"column":76}}]}},"b":{"0":[2],"1":[1],"2":[1],"3":[1],"4":[0]},"fnMap":{"0":{"name":"extraReducers","decl":{"start":{"line":21,"column":17},"end":{"line":36,"column":3}},"loc":{"start":{"line":21,"column":17},"end":{"line":36,"column":3}},"line":21}},"f":{"0":2}}
,"D:\\code\\git\\stellar-burgers\\src\\services\\order\\slice.ts": {"path":"D:\\code\\git\\stellar-burgers\\src\\services\\order\\slice.ts","all":false,"statementMap":{"0":{"start":{"line":1,"column":0},"end":{"line":1,"column":62}},"1":{"start":{"line":2,"column":0},"end":{"line":2,"column":43}},"2":{"start":{"line":3,"column":0},"end":{"line":3,"column":0}},"3":{"start":{"line":4,"column":0},"end":{"line":4,"column":20}},"4":{"start":{"line":5,"column":0},"end":{"line":5,"column":24}},"5":{"start":{"line":6,"column":0},"end":{"line":6,"column":32}},"6":{"start":{"line":7,"column":0},"end":{"line":7,"column":30}},"7":{"start":{"line":8,"column":0},"end":{"line":8,"column":19}},"8":{"start":{"line":9,"column":0},"end":{"line":9,"column":2}},"9":{"start":{"line":10,"column":0},"end":{"line":10,"column":0}},"10":{"start":{"line":11,"column":0},"end":{"line":11,"column":42}},"11":{"start":{"line":12,"column":0},"end":{"line":12,"column":22}},"12":{"start":{"line":13,"column":0},"end":{"line":13,"column":23}},"13":{"start":{"line":14,"column":0},"end":{"line":14,"column":21}},"14":{"start":{"line":15,"column":0},"end":{"line":15,"column":16}},"15":{"start":{"line":16,"column":0},"end":{"line":16,"column":2}},"16":{"start":{"line":17,"column":0},"end":{"line":17,"column":0}},"17":{"start":{"line":18,"column":0},"end":{"line":18,"column":39}},"18":{"start":{"line":19,"column":0},"end":{"line":19,"column":16}},"19":{"start":{"line":20,"column":0},"end":{"line":20,"column":15}},"20":{"start":{"line":21,"column":0},"end":{"line":21,"column":13}},"21":{"start":{"line":22,"column":0},"end":{"line":22,"column":65}},"22":{"start":{"line":23,"column":0},"end":{"line":23,"column":42}},"23":{"start":{"line":24,"column":0},"end":{"line":24,"column":6}},"24":{"start":{"line":25,"column":0},"end":{"line":25,"column":73}},"25":{"start":{"line":26,"column":0},"end":{"line":26,"column":44}},"26":{"start":{"line":27,"column":0},"end":{"line":27,"column":6}},"27":{"start":{"line":28,"column":0},"end":{"line":28,"column":71}},"28":{"start":{"line":29,"column":0},"end":{"line":29,"column":42}},"29":{"start":{"line":30,"column":0},"end":{"line":30,"column":6}},"30":{"start":{"line":31,"column":0},"end":{"line":31,"column":60}},"31":{"start":{"line":32,"column":0},"end":{"line":32,"column":37}},"32":{"start":{"line":33,"column":0},"end":{"line":33,"column":5}},"33":{"start":{"line":34,"column":0},"end":{"line":34,"column":4}},"34":{"start":{"line":35,"column":0},"end":{"line":35,"column":14}},"35":{"start":{"line":36,"column":0},"end":{"line":36,"column":54}},"36":{"start":{"line":37,"column":0},"end":{"line":37,"column":58}},"37":{"start":{"line":38,"column":0},"end":{"line":38,"column":54}},"38":{"start":{"line":39,"column":0},"end":{"line":39,"column":43}},"39":{"start":{"line":40,"column":0},"end":{"line":40,"column":3}},"40":{"start":{"line":41,"column":0},"end":{"line":41,"column":3}},"41":{"start":{"line":42,"column":0},"end":{"line":42,"column":0}},"42":{"start":{"line":43,"column":0},"end":{"line":43,"column":14}},"43":{"start":{"line":44,"column":0},"end":{"line":44,"column":18}},"44":{"start":{"line":45,"column":0},"end":{"line":45,"column":20}},"45":{"start":{"line":46,"column":0},"end":{"line":46,"column":18}},"46":{"start":{"line":47,"column":0},"end":{"line":47,"column":12}},"47":{"start":{"line":48,"column":0},"end":{"line":48,"column":23}},"48":{"start":{"line":49,"column":0},"end":{"line":49,"column":0}},"49":{"start":{"line":50,"column":0},"end":{"line":50,"column":34}}},"s":{"0":1,"1":1,"2":1,"3":1,"4":1,"5":1,"6":1,"7":1,"8":1,"9":1,"10":1,"11":1,"12":1,"13":1,"14":1,"15":1,"16":1,"17":1,"18":1,"19":1,"20":1,"21":1,"22":1,"23":1,"24":1,"25":1,"26":1,"27":1,"28":1,"29":1,"30":1,"31":1,"32":1,"33":1,"34":1,"35":1,"36":1,"37":1,"38":1,"39":1,"40":1,"41":1,"42":1,"43":1,"44":1,"45":1,"46":1,"47":1,"48":1,"49":1},"branchMap":{"0":{"type":"branch","line":22,"loc":{"start":{"line":22,"column":21},"end":{"line":24,"column":5}},"locations":[{"start":{"line":22,"column":21},"end":{"line":24,"column":5}}]},"1":{"type":"branch","line":25,"loc":{"start":{"line":25,"column":23},"end":{"line":27,"column":5}},"locations":[{"start":{"line":25,"column":23},"end":{"line":27,"column":5}}]},"2":{"type":"branch","line":28,"loc":{"start":{"line":28,"column":21},"end":{"line":30,"column":5}},"locations":[{"start":{"line":28,"column":21},"end":{"line":30,"column":5}}]},"3":{"type":"branch","line":31,"loc":{"start":{"line":31,"column":16},"end":{"line":33,"column":5}},"locations":[{"start":{"line":31,"column":16},"end":{"line":33,"column":5}}]}},"b":{"0":[1],"1":[1],"2":[1],"3":[1]},"fnMap":{"0":{"name":"setOrderRequest","decl":{"start":{"line":22,"column":21},"end":{"line":24,"column":5}},"loc":{"start":{"line":22,"column":21},"end":{"line":24,"column":5}},"line":22},"1":{"name":"setOrderModalData","decl":{"start":{"line":25,"column":23},"end":{"line":27,"column":5}},"loc":{"start":{"line":25,"column":23},"end":{"line":27,"column":5}},"line":25},"2":{"name":"setCurrentOrder","decl":{"start":{"line":28,"column":21},"end":{"line":30,"column":5}},"loc":{"start":{"line":28,"column":21},"end":{"line":30,"column":5}},"line":28},"3":{"name":"setLoading","decl":{"start":{"line":31,"column":16},"end":{"line":33,"column":5}},"loc":{"start":{"line":31,"column":16},"end":{"line":33,"column":5}},"line":31},"4":{"name":"selectOrderRequest","decl":{"start":{"line":36,"column":24},"end":{"line":36,"column":40}},"loc":{"start":{"line":36,"column":24},"end":{"line":36,"column":40}},"line":36},"5":{"name":"selectOrderModalData","decl":{"start":{"line":37,"column":26},"end":{"line":37,"column":42}},"loc":{"start":{"line":37,"column":26},"end":{"line":37,"column":42}},"line":37},"6":{"name":"selectCurrentOrder","decl":{"start":{"line":38,"column":24},"end":{"line":38,"column":40}},"loc":{"start":{"line":38,"column":24},"end":{"line":38,"column":40}},"line":38},"7":{"name":"selectLoading","decl":{"start":{"line":39,"column":19},"end":{"line":39,"column":35}},"loc":{"start":{"line":39,"column":19},"end":{"line":39,"column":35}},"line":39}},"f":{"0":1,"1":1,"2":1,"3":1,"4":0,"5":0,"6":0,"7":0}}
,"D:\\code\\git\\stellar-burgers\\src\\services\\profile\\slice.ts": {"path":"D:\\code\\git\\stellar-burgers\\src\\services\\profile\\slice.ts","all":false,"statementMap":{"0":{"start":{"line":1,"column":0},"end":{"line":1,"column":65}},"1":{"start":{"line":2,"column":0},"end":{"line":2,"column":36}},"2":{"start":{"line":3,"column":0},"end":{"line":3,"column":38}},"3":{"start":{"line":4,"column":0},"end":{"line":4,"column":0}},"4":{"start":{"line":5,"column":0},"end":{"line":5,"column":31}},"5":{"start":{"line":6,"column":0},"end":{"line":6,"column":19}},"6":{"start":{"line":7,"column":0},"end":{"line":7,"column":21}},"7":{"start":{"line":8,"column":0},"end":{"line":8,"column":23}},"8":{"start":{"line":9,"column":0},"end":{"line":9,"column":1}},"9":{"start":{"line":10,"column":0},"end":{"line":10,"column":0}},"10":{"start":{"line":11,"column":0},"end":{"line":11,"column":43}},"11":{"start":{"line":12,"column":0},"end":{"line":12,"column":13}},"12":{"start":{"line":13,"column":0},"end":{"line":13,"column":19}},"13":{"start":{"line":14,"column":0},"end":{"line":14,"column":13}},"14":{"start":{"line":15,"column":0},"end":{"line":15,"column":2}},"15":{"start":{"line":16,"column":0},"end":{"line":16,"column":0}},"16":{"start":{"line":17,"column":0},"end":{"line":17,"column":48}},"17":{"start":{"line":18,"column":0},"end":{"line":18,"column":28}},"18":{"start":{"line":19,"column":0},"end":{"line":19,"column":37}},"19":{"start":{"line":20,"column":0},"end":{"line":20,"column":9}},"20":{"start":{"line":21,"column":0},"end":{"line":21,"column":42}},"21":{"start":{"line":22,"column":0},"end":{"line":22,"column":20}},"22":{"start":{"line":23,"column":0},"end":{"line":23,"column":21}},"23":{"start":{"line":24,"column":0},"end":{"line":24,"column":29}},"24":{"start":{"line":25,"column":0},"end":{"line":25,"column":69}},"25":{"start":{"line":26,"column":0},"end":{"line":26,"column":8}},"26":{"start":{"line":27,"column":0},"end":{"line":27,"column":5}},"27":{"start":{"line":28,"column":0},"end":{"line":28,"column":3}},"28":{"start":{"line":29,"column":0},"end":{"line":29,"column":2}},"29":{"start":{"line":30,"column":0},"end":{"line":30,"column":0}},"30":{"start":{"line":31,"column":0},"end":{"line":31,"column":41}},"31":{"start":{"line":32,"column":0},"end":{"line":32,"column":18}},"32":{"start":{"line":33,"column":0},"end":{"line":33,"column":15}},"33":{"start":{"line":34,"column":0},"end":{"line":34,"column":13}},"34":{"start":{"line":35,"column":0},"end":{"line":35,"column":29}},"35":{"start":{"line":36,"column":0},"end":{"line":36,"column":24}},"36":{"start":{"line":37,"column":0},"end":{"line":37,"column":25}},"37":{"start":{"line":38,"column":0},"end":{"line":38,"column":6}},"38":{"start":{"line":39,"column":0},"end":{"line":39,"column":28}},"39":{"start":{"line":40,"column":0},"end":{"line":40,"column":25}},"40":{"start":{"line":41,"column":0},"end":{"line":41,"column":5}},"41":{"start":{"line":42,"column":0},"end":{"line":42,"column":4}},"42":{"start":{"line":43,"column":0},"end":{"line":43,"column":31}},"43":{"start":{"line":44,"column":0},"end":{"line":44,"column":11}},"44":{"start":{"line":45,"column":0},"end":{"line":45,"column":52}},"45":{"start":{"line":46,"column":0},"end":{"line":46,"column":31}},"46":{"start":{"line":47,"column":0},"end":{"line":47,"column":27}},"47":{"start":{"line":48,"column":0},"end":{"line":48,"column":8}},"48":{"start":{"line":49,"column":0},"end":{"line":49,"column":62}},"49":{"start":{"line":50,"column":0},"end":{"line":50,"column":32}},"50":{"start":{"line":51,"column":0},"end":{"line":51,"column":38}},"51":{"start":{"line":52,"column":0},"end":{"line":52,"column":27}},"52":{"start":{"line":53,"column":0},"end":{"line":53,"column":8}},"53":{"start":{"line":54,"column":0},"end":{"line":54,"column":61}},"54":{"start":{"line":55,"column":0},"end":{"line":55,"column":32}},"55":{"start":{"line":56,"column":0},"end":{"line":56,"column":47}},"56":{"start":{"line":57,"column":0},"end":{"line":57,"column":9}},"57":{"start":{"line":58,"column":0},"end":{"line":58,"column":3}},"58":{"start":{"line":59,"column":0},"end":{"line":59,"column":3}},"59":{"start":{"line":60,"column":0},"end":{"line":60,"column":0}},"60":{"start":{"line":61,"column":0},"end":{"line":61,"column":64}},"61":{"start":{"line":62,"column":0},"end":{"line":62,"column":0}},"62":{"start":{"line":63,"column":0},"end":{"line":63,"column":72}},"63":{"start":{"line":64,"column":0},"end":{"line":64,"column":23}},"64":{"start":{"line":65,"column":0},"end":{"line":65,"column":73}},"65":{"start":{"line":66,"column":0},"end":{"line":66,"column":26}},"66":{"start":{"line":67,"column":0},"end":{"line":67,"column":71}},"67":{"start":{"line":68,"column":0},"end":{"line":68,"column":22}},"68":{"start":{"line":69,"column":0},"end":{"line":69,"column":0}},"69":{"start":{"line":70,"column":0},"end":{"line":70,"column":36}}},"s":{"0":1,"1":1,"2":1,"3":1,"4":1,"5":1,"6":1,"7":1,"8":1,"9":1,"10":1,"11":1,"12":1,"13":1,"14":1,"15":1,"16":1,"17":1,"18":1,"19":0,"20":0,"21":0,"22":0,"23":0,"24":0,"25":0,"26":0,"27":0,"28":1,"29":1,"30":1,"31":1,"32":1,"33":1,"34":1,"35":1,"36":1,"37":1,"38":1,"39":1,"40":1,"41":1,"42":1,"43":2,"44":2,"45":1,"46":1,"47":2,"48":2,"49":1,"50":1,"51":1,"52":2,"53":2,"54":1,"55":1,"56":2,"57":2,"58":1,"59":1,"60":1,"61":1,"62":1,"63":0,"64":1,"65":0,"66":1,"67":0,"68":1,"69":1},"branchMap":{"0":{"type":"branch","line":35,"loc":{"start":{"line":35,"column":17},"end":{"line":38,"column":5}},"locations":[{"start":{"line":35,"column":17},"end":{"line":38,"column":5}}]},"1":{"type":"branch","line":39,"loc":{"start":{"line":39,"column":16},"end":{"line":41,"column":5}},"locations":[{"start":{"line":39,"column":16},"end":{"line":41,"column":5}}]},"2":{"type":"branch","line":43,"loc":{"start":{"line":43,"column":17},"end":{"line":58,"column":3}},"locations":[{"start":{"line":43,"column":17},"end":{"line":58,"column":3}}]},"3":{"type":"branch","line":45,"loc":{"start":{"line":45,"column":40},"end":{"line":48,"column":7}},"locations":[{"start":{"line":45,"column":40},"end":{"line":48,"column":7}}]},"4":{"type":"branch","line":49,"loc":{"start":{"line":49,"column":42},"end":{"line":53,"column":7}},"locations":[{"start":{"line":49,"column":42},"end":{"line":53,"column":7}}]},"5":{"type":"branch","line":54,"loc":{"start":{"line":54,"column":41},"end":{"line":57,"column":7}},"locations":[{"start":{"line":54,"column":41},"end":{"line":57,"column":7}}]}},"b":{"0":[1],"1":[1],"2":[2],"3":[1],"4":[1],"5":[1]},"fnMap":{"0":{"name":"clearOrders","decl":{"start":{"line":35,"column":17},"end":{"line":38,"column":5}},"loc":{"start":{"line":35,"column":17},"end":{"line":38,"column":5}},"line":35},"1":{"name":"clearError","decl":{"start":{"line":39,"column":16},"end":{"line":41,"column":5}},"loc":{"start":{"line":39,"column":16},"end":{"line":41,"column":5}},"line":39},"2":{"name":"extraReducers","decl":{"start":{"line":43,"column":17},"end":{"line":58,"column":3}},"loc":{"start":{"line":43,"column":17},"end":{"line":58,"column":3}},"line":43},"3":{"name":"selectProfileOrders","decl":{"start":{"line":63,"column":35},"end":{"line":64,"column":23}},"loc":{"start":{"line":63,"column":35},"end":{"line":64,"column":23}},"line":63},"4":{"name":"selectProfileLoading","decl":{"start":{"line":65,"column":36},"end":{"line":66,"column":26}},"loc":{"start":{"line":65,"column":36},"end":{"line":66,"column":26}},"line":65},"5":{"name":"selectProfileError","decl":{"start":{"line":67,"column":34},"end":{"line":68,"column":22}},"loc":{"start":{"line":67,"column":34},"end":{"line":68,"column":22}},"line":67}},"f":{"0":1,"1":1,"2":2,"3":0,"4":0,"5":0}}
,"D:\\code\\git\\stellar-burgers\\src\\services\\user\\actions.ts": {"path":"D:\\code\\git\\stellar-burgers\\src\\services\\user\\actions.ts","all":false,"statementMap":{"0":{"start":{"line":1,"column":0},"end":{"line":1,"column":52}},"1":{"start":{"line":2,"column":0},"end":{"line":2,"column":8}},"2":{"start":{"line":3,"column":0},"end":{"line":3,"column":12}},"3":{"start":{"line":4,"column":0},"end":{"line":4,"column":15}},"4":{"start":{"line":5,"column":0},"end":{"line":5,"column":13}},"5":{"start":{"line":6,"column":0},"end":{"line":6,"column":18}},"6":{"start":{"line":7,"column":0},"end":{"line":7,"column":16}},"7":{"start":{"line":8,"column":0},"end":{"line":8,"column":13}},"8":{"start":{"line":9,"column":0},"end":{"line":9,"column":16}},"9":{"start":{"line":10,"column":0},"end":{"line":10,"column":20}},"10":{"start":{"line":11,"column":0},"end":{"line":11,"column":19}},"11":{"start":{"line":12,"column":0},"end":{"line":12,"column":15}},"12":{"start":{"line":13,"column":0},"end":{"line":13,"column":13}},"13":{"start":{"line":14,"column":0},"end":{"line":14,"column":32}},"14":{"start":{"line":15,"column":0},"end":{"line":15,"column":58}},"15":{"start":{"line":16,"column":0},"end":{"line":16,"column":0}},"16":{"start":{"line":17,"column":0},"end":{"line":17,"column":53}},"17":{"start":{"line":18,"column":0},"end":{"line":18,"column":51}},"18":{"start":{"line":19,"column":0},"end":{"line":19,"column":46}},"19":{"start":{"line":20,"column":0},"end":{"line":20,"column":34}},"20":{"start":{"line":21,"column":0},"end":{"line":21,"column":2}},"21":{"start":{"line":22,"column":0},"end":{"line":22,"column":0}},"22":{"start":{"line":23,"column":0},"end":{"line":23,"column":39}},"23":{"start":{"line":24,"column":0},"end":{"line":24,"column":16}},"24":{"start":{"line":25,"column":0},"end":{"line":25,"column":37}},"25":{"start":{"line":26,"column":0},"end":{"line":26,"column":9}},"26":{"start":{"line":27,"column":0},"end":{"line":27,"column":31}},"27":{"start":{"line":28,"column":0},"end":{"line":28,"column":21}},"28":{"start":{"line":29,"column":0},"end":{"line":29,"column":46}},"29":{"start":{"line":30,"column":0},"end":{"line":30,"column":5}},"30":{"start":{"line":31,"column":0},"end":{"line":31,"column":3}},"31":{"start":{"line":32,"column":0},"end":{"line":32,"column":2}},"32":{"start":{"line":33,"column":0},"end":{"line":33,"column":0}},"33":{"start":{"line":34,"column":0},"end":{"line":34,"column":38}},"34":{"start":{"line":35,"column":0},"end":{"line":35,"column":15}},"35":{"start":{"line":36,"column":0},"end":{"line":36,"column":57}},"36":{"start":{"line":37,"column":0},"end":{"line":37,"column":9}},"37":{"start":{"line":38,"column":0},"end":{"line":38,"column":43}},"38":{"start":{"line":39,"column":0},"end":{"line":39,"column":21}},"39":{"start":{"line":40,"column":0},"end":{"line":40,"column":20}},"40":{"start":{"line":41,"column":0},"end":{"line":41,"column":53}},"41":{"start":{"line":42,"column":0},"end":{"line":42,"column":5}},"42":{"start":{"line":43,"column":0},"end":{"line":43,"column":3}},"43":{"start":{"line":44,"column":0},"end":{"line":44,"column":2}},"44":{"start":{"line":45,"column":0},"end":{"line":45,"column":0}},"45":{"start":{"line":46,"column":0},"end":{"line":46,"column":41}},"46":{"start":{"line":47,"column":0},"end":{"line":47,"column":18}},"47":{"start":{"line":48,"column":0},"end":{"line":48,"column":63}},"48":{"start":{"line":49,"column":0},"end":{"line":49,"column":9}},"49":{"start":{"line":50,"column":0},"end":{"line":50,"column":49}},"50":{"start":{"line":51,"column":0},"end":{"line":51,"column":21}},"51":{"start":{"line":52,"column":0},"end":{"line":52,"column":20}},"52":{"start":{"line":53,"column":0},"end":{"line":53,"column":53}},"53":{"start":{"line":54,"column":0},"end":{"line":54,"column":5}},"54":{"start":{"line":55,"column":0},"end":{"line":55,"column":3}},"55":{"start":{"line":56,"column":0},"end":{"line":56,"column":2}},"56":{"start":{"line":57,"column":0},"end":{"line":57,"column":0}},"57":{"start":{"line":58,"column":0},"end":{"line":58,"column":40}},"58":{"start":{"line":59,"column":0},"end":{"line":59,"column":17}},"59":{"start":{"line":60,"column":0},"end":{"line":60,"column":37}},"60":{"start":{"line":61,"column":0},"end":{"line":61,"column":9}},"61":{"start":{"line":62,"column":0},"end":{"line":62,"column":32}},"62":{"start":{"line":63,"column":0},"end":{"line":63,"column":21}},"63":{"start":{"line":64,"column":0},"end":{"line":64,"column":53}},"64":{"start":{"line":65,"column":0},"end":{"line":65,"column":5}},"65":{"start":{"line":66,"column":0},"end":{"line":66,"column":3}},"66":{"start":{"line":67,"column":0},"end":{"line":67,"column":2}},"67":{"start":{"line":68,"column":0},"end":{"line":68,"column":0}},"68":{"start":{"line":69,"column":0},"end":{"line":69,"column":43}},"69":{"start":{"line":70,"column":0},"end":{"line":70,"column":20}},"70":{"start":{"line":71,"column":0},"end":{"line":71,"column":68}},"71":{"start":{"line":72,"column":0},"end":{"line":72,"column":9}},"72":{"start":{"line":73,"column":0},"end":{"line":73,"column":43}},"73":{"start":{"line":74,"column":0},"end":{"line":74,"column":21}},"74":{"start":{"line":75,"column":0},"end":{"line":75,"column":53}},"75":{"start":{"line":76,"column":0},"end":{"line":76,"column":5}},"76":{"start":{"line":77,"column":0},"end":{"line":77,"column":3}},"77":{"start":{"line":78,"column":0},"end":{"line":78,"column":2}},"78":{"start":{"line":79,"column":0},"end":{"line":79,"column":0}},"79":{"start":{"line":80,"column":0},"end":{"line":80,"column":47}},"80":{"start":{"line":81,"column":0},"end":{"line":81,"column":24}},"81":{"start":{"line":82,"column":0},"end":{"line":82,"column":49}},"82":{"start":{"line":83,"column":0},"end":{"line":83,"column":9}},"83":{"start":{"line":84,"column":0},"end":{"line":84,"column":48}},"84":{"start":{"line":85,"column":0},"end":{"line":85,"column":21}},"85":{"start":{"line":86,"column":0},"end":{"line":86,"column":53}},"86":{"start":{"line":87,"column":0},"end":{"line":87,"column":5}},"87":{"start":{"line":88,"column":0},"end":{"line":88,"column":3}},"88":{"start":{"line":89,"column":0},"end":{"line":89,"column":2}},"89":{"start":{"line":90,"column":0},"end":{"line":90,"column":0}},"90":{"start":{"line":91,"column":0},"end":{"line":91,"column":46}},"91":{"start":{"line":92,"column":0},"end":{"line":92,"column":23}},"92":{"start":{"line":93,"column":0},"end":{"line":93,"column":9}},"93":{"start":{"line":94,"column":0},"end":{"line":94,"column":51}},"94":{"start":{"line":95,"column":0},"end":{"line":95,"column":23}},"95":{"start":{"line":96,"column":0},"end":{"line":96,"column":8}},"96":{"start":{"line":97,"column":0},"end":{"line":97,"column":9}},"97":{"start":{"line":98,"column":0},"end":{"line":98,"column":47}},"98":{"start":{"line":99,"column":0},"end":{"line":99,"column":21}},"99":{"start":{"line":100,"column":0},"end":{"line":100,"column":53}},"100":{"start":{"line":101,"column":0},"end":{"line":101,"column":5}},"101":{"start":{"line":102,"column":0},"end":{"line":102,"column":3}},"102":{"start":{"line":103,"column":0},"end":{"line":103,"column":2}},"103":{"start":{"line":104,"column":0},"end":{"line":104,"column":0}},"104":{"start":{"line":105,"column":0},"end":{"line":105,"column":46}},"105":{"start":{"line":106,"column":0},"end":{"line":106,"column":23}},"106":{"start":{"line":107,"column":0},"end":{"line":107,"column":37}},"107":{"start":{"line":108,"column":0},"end":{"line":108,"column":9}},"108":{"start":{"line":109,"column":0},"end":{"line":109,"column":56}},"109":{"start":{"line":110,"column":0},"end":{"line":110,"column":27}},"110":{"start":{"line":111,"column":0},"end":{"line":111,"column":39}},"111":{"start":{"line":112,"column":0},"end":{"line":112,"column":7}},"112":{"start":{"line":113,"column":0},"end":{"line":113,"column":55}},"113":{"start":{"line":114,"column":0},"end":{"line":114,"column":21}},"114":{"start":{"line":115,"column":0},"end":{"line":115,"column":54}},"115":{"start":{"line":116,"column":0},"end":{"line":116,"column":5}},"116":{"start":{"line":117,"column":0},"end":{"line":117,"column":3}},"117":{"start":{"line":118,"column":0},"end":{"line":118,"column":2}},"118":{"start":{"line":119,"column":0},"end":{"line":119,"column":0}},"119":{"start":{"line":120,"column":0},"end":{"line":120,"column":49}},"120":{"start":{"line":121,"column":0},"end":{"line":121,"column":22}},"121":{"start":{"line":122,"column":0},"end":{"line":122,"column":37}},"122":{"start":{"line":123,"column":0},"end":{"line":123,"column":9}},"123":{"start":{"line":124,"column":0},"end":{"line":124,"column":34}},"124":{"start":{"line":125,"column":0},"end":{"line":125,"column":21}},"125":{"start":{"line":126,"column":0},"end":{"line":126,"column":20}},"126":{"start":{"line":127,"column":0},"end":{"line":127,"column":53}},"127":{"start":{"line":128,"column":0},"end":{"line":128,"column":5}},"128":{"start":{"line":129,"column":0},"end":{"line":129,"column":3}},"129":{"start":{"line":130,"column":0},"end":{"line":130,"column":2}}},"s":{"0":1,"1":1,"2":1,"3":1,"4":1,"5":1,"6":1,"7":1,"8":1,"9":1,"10":1,"11":1,"12":1,"13":1,"14":1,"15":1,"16":1,"17":0,"18":0,"19":0,"20":0,"21":1,"22":1,"23":1,"24":1,"25":0,"26":0,"27":0,"28":0,"29":0,"30":0,"31":1,"32":1,"33":1,"34":1,"35":1,"36":0,"37":0,"38":0,"39":0,"40":0,"41":0,"42":0,"43":1,"44":1,"45":1,"46":1,"47":1,"48":0,"49":0,"50":0,"51":0,"52":0,"53":0,"54":0,"55":1,"56":1,"57":1,"58":1,"59":1,"60":0,"61":0,"62":0,"63":0,"64":0,"65":0,"66":1,"67":1,"68":1,"69":1,"70":1,"71":0,"72":0,"73":0,"74":0,"75":0,"76":0,"77":1,"78":1,"79":1,"80":1,"81":1,"82":0,"83":0,"84":0,"85":0,"86":0,"87":0,"88":1,"89":1,"90":1,"91":1,"92":1,"93":0,"94":0,"95":0,"96":0,"97":0,"98":0,"99":0,"100":0,"101":0,"102":1,"103":1,"104":1,"105":1,"106":1,"107":0,"108":0,"109":0,"110":0,"111":0,"112":0,"113":0,"114":0,"115":0,"116":0,"117":1,"118":1,"119":1,"120":1,"121":1,"122":0,"123":0,"124":0,"125":0,"126":0,"127":0,"128":0,"129":1},"branchMap":{},"b":{},"fnMap":{"0":{"name":"getErrorMessage","decl":{"start":{"line":17,"column":24},"end":{"line":21,"column":2}},"loc":{"start":{"line":17,"column":24},"end":{"line":21,"column":2}},"line":17}},"f":{"0":0}}
,"D:\\code\\git\\stellar-burgers\\src\\services\\user\\slice.ts": {"path":"D:\\code\\git\\stellar-burgers\\src\\services\\user\\slice.ts","all":false,"statementMap":{"0":{"start":{"line":1,"column":0},"end":{"line":1,"column":62}},"1":{"start":{"line":2,"column":0},"end":{"line":2,"column":37}},"2":{"start":{"line":3,"column":0},"end":{"line":3,"column":8}},"3":{"start":{"line":4,"column":0},"end":{"line":4,"column":8}},"4":{"start":{"line":5,"column":0},"end":{"line":5,"column":11}},"5":{"start":{"line":6,"column":0},"end":{"line":6,"column":9}},"6":{"start":{"line":7,"column":0},"end":{"line":7,"column":10}},"7":{"start":{"line":8,"column":0},"end":{"line":8,"column":13}},"8":{"start":{"line":9,"column":0},"end":{"line":9,"column":17}},"9":{"start":{"line":10,"column":0},"end":{"line":10,"column":16}},"10":{"start":{"line":11,"column":0},"end":{"line":11,"column":16}},"11":{"start":{"line":12,"column":0},"end":{"line":12,"column":18}},"12":{"start":{"line":13,"column":0},"end":{"line":13,"column":19}},"13":{"start":{"line":14,"column":0},"end":{"line":14,"column":0}},"14":{"start":{"line":15,"column":0},"end":{"line":15,"column":28}},"15":{"start":{"line":16,"column":0},"end":{"line":16,"column":21}},"16":{"start":{"line":17,"column":0},"end":{"line":17,"column":27}},"17":{"start":{"line":18,"column":0},"end":{"line":18,"column":25}},"18":{"start":{"line":19,"column":0},"end":{"line":19,"column":21}},"19":{"start":{"line":20,"column":0},"end":{"line":20,"column":23}},"20":{"start":{"line":21,"column":0},"end":{"line":21,"column":34}},"21":{"start":{"line":22,"column":0},"end":{"line":22,"column":1}},"22":{"start":{"line":23,"column":0},"end":{"line":23,"column":0}},"23":{"start":{"line":24,"column":0},"end":{"line":24,"column":40}},"24":{"start":{"line":25,"column":0},"end":{"line":25,"column":13}},"25":{"start":{"line":26,"column":0},"end":{"line":26,"column":25}},"26":{"start":{"line":27,"column":0},"end":{"line":27,"column":23}},"27":{"start":{"line":28,"column":0},"end":{"line":28,"column":19}},"28":{"start":{"line":29,"column":0},"end":{"line":29,"column":14}},"29":{"start":{"line":30,"column":0},"end":{"line":30,"column":31}},"30":{"start":{"line":31,"column":0},"end":{"line":31,"column":2}},"31":{"start":{"line":32,"column":0},"end":{"line":32,"column":0}},"32":{"start":{"line":33,"column":0},"end":{"line":33,"column":38}},"33":{"start":{"line":34,"column":0},"end":{"line":34,"column":15}},"34":{"start":{"line":35,"column":0},"end":{"line":35,"column":15}},"35":{"start":{"line":36,"column":0},"end":{"line":36,"column":13}},"36":{"start":{"line":37,"column":0},"end":{"line":37,"column":28}},"37":{"start":{"line":38,"column":0},"end":{"line":38,"column":25}},"38":{"start":{"line":39,"column":0},"end":{"line":39,"column":6}},"39":{"start":{"line":40,"column":0},"end":{"line":40,"column":64}},"40":{"start":{"line":41,"column":0},"end":{"line":41,"column":43}},"41":{"start":{"line":42,"column":0},"end":{"line":42,"column":6}},"42":{"start":{"line":43,"column":0},"end":{"line":43,"column":36}},"43":{"start":{"line":44,"column":0},"end":{"line":44,"column":43}},"44":{"start":{"line":45,"column":0},"end":{"line":45,"column":25}},"45":{"start":{"line":46,"column":0},"end":{"line":46,"column":6}},"46":{"start":{"line":47,"column":0},"end":{"line":47,"column":29}},"47":{"start":{"line":48,"column":0},"end":{"line":48,"column":24}},"48":{"start":{"line":49,"column":0},"end":{"line":49,"column":36}},"49":{"start":{"line":50,"column":0},"end":{"line":50,"column":33}},"50":{"start":{"line":51,"column":0},"end":{"line":51,"column":30}},"51":{"start":{"line":52,"column":0},"end":{"line":52,"column":25}},"52":{"start":{"line":53,"column":0},"end":{"line":53,"column":5}},"53":{"start":{"line":54,"column":0},"end":{"line":54,"column":4}},"54":{"start":{"line":55,"column":0},"end":{"line":55,"column":31}},"55":{"start":{"line":56,"column":0},"end":{"line":56,"column":11}},"56":{"start":{"line":57,"column":0},"end":{"line":57,"column":42}},"57":{"start":{"line":58,"column":0},"end":{"line":58,"column":31}},"58":{"start":{"line":59,"column":0},"end":{"line":59,"column":27}},"59":{"start":{"line":60,"column":0},"end":{"line":60,"column":8}},"60":{"start":{"line":61,"column":0},"end":{"line":61,"column":52}},"61":{"start":{"line":62,"column":0},"end":{"line":62,"column":32}},"62":{"start":{"line":63,"column":0},"end":{"line":63,"column":41}},"63":{"start":{"line":64,"column":0},"end":{"line":64,"column":37}},"64":{"start":{"line":65,"column":0},"end":{"line":65,"column":35}},"65":{"start":{"line":66,"column":0},"end":{"line":66,"column":27}},"66":{"start":{"line":67,"column":0},"end":{"line":67,"column":8}},"67":{"start":{"line":68,"column":0},"end":{"line":68,"column":51}},"68":{"start":{"line":69,"column":0},"end":{"line":69,"column":32}},"69":{"start":{"line":70,"column":0},"end":{"line":70,"column":26}},"70":{"start":{"line":71,"column":0},"end":{"line":71,"column":38}},"71":{"start":{"line":72,"column":0},"end":{"line":72,"column":35}},"72":{"start":{"line":73,"column":0},"end":{"line":73,"column":67}},"73":{"start":{"line":74,"column":0},"end":{"line":74,"column":8}},"74":{"start":{"line":75,"column":0},"end":{"line":75,"column":45}},"75":{"start":{"line":76,"column":0},"end":{"line":76,"column":31}},"76":{"start":{"line":77,"column":0},"end":{"line":77,"column":27}},"77":{"start":{"line":78,"column":0},"end":{"line":78,"column":8}},"78":{"start":{"line":79,"column":0},"end":{"line":79,"column":55}},"79":{"start":{"line":80,"column":0},"end":{"line":80,"column":32}},"80":{"start":{"line":81,"column":0},"end":{"line":81,"column":41}},"81":{"start":{"line":82,"column":0},"end":{"line":82,"column":37}},"82":{"start":{"line":83,"column":0},"end":{"line":83,"column":35}},"83":{"start":{"line":84,"column":0},"end":{"line":84,"column":27}},"84":{"start":{"line":85,"column":0},"end":{"line":85,"column":8}},"85":{"start":{"line":86,"column":0},"end":{"line":86,"column":54}},"86":{"start":{"line":87,"column":0},"end":{"line":87,"column":32}},"87":{"start":{"line":88,"column":0},"end":{"line":88,"column":26}},"88":{"start":{"line":89,"column":0},"end":{"line":89,"column":38}},"89":{"start":{"line":90,"column":0},"end":{"line":90,"column":35}},"90":{"start":{"line":91,"column":0},"end":{"line":91,"column":67}},"91":{"start":{"line":92,"column":0},"end":{"line":92,"column":8}},"92":{"start":{"line":93,"column":0},"end":{"line":93,"column":43}},"93":{"start":{"line":94,"column":0},"end":{"line":94,"column":31}},"94":{"start":{"line":95,"column":0},"end":{"line":95,"column":27}},"95":{"start":{"line":96,"column":0},"end":{"line":96,"column":8}},"96":{"start":{"line":97,"column":0},"end":{"line":97,"column":45}},"97":{"start":{"line":98,"column":0},"end":{"line":98,"column":32}},"98":{"start":{"line":99,"column":0},"end":{"line":99,"column":26}},"99":{"start":{"line":100,"column":0},"end":{"line":100,"column":38}},"100":{"start":{"line":101,"column":0},"end":{"line":101,"column":35}},"101":{"start":{"line":102,"column":0},"end":{"line":102,"column":27}},"102":{"start":{"line":103,"column":0},"end":{"line":103,"column":8}},"103":{"start":{"line":104,"column":0},"end":{"line":104,"column":52}},"104":{"start":{"line":105,"column":0},"end":{"line":105,"column":32}},"105":{"start":{"line":106,"column":0},"end":{"line":106,"column":26}},"106":{"start":{"line":107,"column":0},"end":{"line":107,"column":38}},"107":{"start":{"line":108,"column":0},"end":{"line":108,"column":35}},"108":{"start":{"line":109,"column":0},"end":{"line":109,"column":27}},"109":{"start":{"line":110,"column":0},"end":{"line":110,"column":8}},"110":{"start":{"line":111,"column":0},"end":{"line":111,"column":44}},"111":{"start":{"line":112,"column":0},"end":{"line":112,"column":31}},"112":{"start":{"line":113,"column":0},"end":{"line":113,"column":27}},"113":{"start":{"line":114,"column":0},"end":{"line":114,"column":8}},"114":{"start":{"line":115,"column":0},"end":{"line":115,"column":54}},"115":{"start":{"line":116,"column":0},"end":{"line":116,"column":32}},"116":{"start":{"line":117,"column":0},"end":{"line":117,"column":41}},"117":{"start":{"line":118,"column":0},"end":{"line":118,"column":37}},"118":{"start":{"line":119,"column":0},"end":{"line":119,"column":35}},"119":{"start":{"line":120,"column":0},"end":{"line":120,"column":27}},"120":{"start":{"line":121,"column":0},"end":{"line":121,"column":8}},"121":{"start":{"line":122,"column":0},"end":{"line":122,"column":53}},"122":{"start":{"line":123,"column":0},"end":{"line":123,"column":32}},"123":{"start":{"line":124,"column":0},"end":{"line":124,"column":26}},"124":{"start":{"line":125,"column":0},"end":{"line":125,"column":38}},"125":{"start":{"line":126,"column":0},"end":{"line":126,"column":35}},"126":{"start":{"line":127,"column":0},"end":{"line":127,"column":21}},"127":{"start":{"line":128,"column":0},"end":{"line":128,"column":73}},"128":{"start":{"line":129,"column":0},"end":{"line":129,"column":8}},"129":{"start":{"line":130,"column":0},"end":{"line":130,"column":47}},"130":{"start":{"line":131,"column":0},"end":{"line":131,"column":31}},"131":{"start":{"line":132,"column":0},"end":{"line":132,"column":27}},"132":{"start":{"line":133,"column":0},"end":{"line":133,"column":8}},"133":{"start":{"line":134,"column":0},"end":{"line":134,"column":57}},"134":{"start":{"line":135,"column":0},"end":{"line":135,"column":32}},"135":{"start":{"line":136,"column":0},"end":{"line":136,"column":41}},"136":{"start":{"line":137,"column":0},"end":{"line":137,"column":27}},"137":{"start":{"line":138,"column":0},"end":{"line":138,"column":8}},"138":{"start":{"line":139,"column":0},"end":{"line":139,"column":56}},"139":{"start":{"line":140,"column":0},"end":{"line":140,"column":32}},"140":{"start":{"line":141,"column":0},"end":{"line":141,"column":74}},"141":{"start":{"line":142,"column":0},"end":{"line":142,"column":8}},"142":{"start":{"line":143,"column":0},"end":{"line":143,"column":51}},"143":{"start":{"line":144,"column":0},"end":{"line":144,"column":31}},"144":{"start":{"line":145,"column":0},"end":{"line":145,"column":27}},"145":{"start":{"line":146,"column":0},"end":{"line":146,"column":45}},"146":{"start":{"line":147,"column":0},"end":{"line":147,"column":8}},"147":{"start":{"line":148,"column":0},"end":{"line":148,"column":53}},"148":{"start":{"line":149,"column":0},"end":{"line":149,"column":32}},"149":{"start":{"line":150,"column":0},"end":{"line":150,"column":44}},"150":{"start":{"line":151,"column":0},"end":{"line":151,"column":27}},"151":{"start":{"line":152,"column":0},"end":{"line":152,"column":8}},"152":{"start":{"line":153,"column":0},"end":{"line":153,"column":60}},"153":{"start":{"line":154,"column":0},"end":{"line":154,"column":32}},"154":{"start":{"line":155,"column":0},"end":{"line":155,"column":45}},"155":{"start":{"line":156,"column":0},"end":{"line":156,"column":21}},"156":{"start":{"line":157,"column":0},"end":{"line":157,"column":73}},"157":{"start":{"line":158,"column":0},"end":{"line":158,"column":8}},"158":{"start":{"line":159,"column":0},"end":{"line":159,"column":50}},"159":{"start":{"line":160,"column":0},"end":{"line":160,"column":31}},"160":{"start":{"line":161,"column":0},"end":{"line":161,"column":27}},"161":{"start":{"line":162,"column":0},"end":{"line":162,"column":8}},"162":{"start":{"line":163,"column":0},"end":{"line":163,"column":52}},"163":{"start":{"line":164,"column":0},"end":{"line":164,"column":32}},"164":{"start":{"line":165,"column":0},"end":{"line":165,"column":45}},"165":{"start":{"line":166,"column":0},"end":{"line":166,"column":27}},"166":{"start":{"line":167,"column":0},"end":{"line":167,"column":8}},"167":{"start":{"line":168,"column":0},"end":{"line":168,"column":59}},"168":{"start":{"line":169,"column":0},"end":{"line":169,"column":32}},"169":{"start":{"line":170,"column":0},"end":{"line":170,"column":69}},"170":{"start":{"line":171,"column":0},"end":{"line":171,"column":8}},"171":{"start":{"line":172,"column":0},"end":{"line":172,"column":50}},"172":{"start":{"line":173,"column":0},"end":{"line":173,"column":31}},"173":{"start":{"line":174,"column":0},"end":{"line":174,"column":27}},"174":{"start":{"line":175,"column":0},"end":{"line":175,"column":8}},"175":{"start":{"line":176,"column":0},"end":{"line":176,"column":60}},"176":{"start":{"line":177,"column":0},"end":{"line":177,"column":32}},"177":{"start":{"line":178,"column":0},"end":{"line":178,"column":41}},"178":{"start":{"line":179,"column":0},"end":{"line":179,"column":37}},"179":{"start":{"line":180,"column":0},"end":{"line":180,"column":35}},"180":{"start":{"line":181,"column":0},"end":{"line":181,"column":27}},"181":{"start":{"line":182,"column":0},"end":{"line":182,"column":8}},"182":{"start":{"line":183,"column":0},"end":{"line":183,"column":59}},"183":{"start":{"line":184,"column":0},"end":{"line":184,"column":32}},"184":{"start":{"line":185,"column":0},"end":{"line":185,"column":26}},"185":{"start":{"line":186,"column":0},"end":{"line":186,"column":38}},"186":{"start":{"line":187,"column":0},"end":{"line":187,"column":35}},"187":{"start":{"line":188,"column":0},"end":{"line":188,"column":27}},"188":{"start":{"line":189,"column":0},"end":{"line":189,"column":8}},"189":{"start":{"line":190,"column":0},"end":{"line":190,"column":53}},"190":{"start":{"line":191,"column":0},"end":{"line":191,"column":31}},"191":{"start":{"line":192,"column":0},"end":{"line":192,"column":27}},"192":{"start":{"line":193,"column":0},"end":{"line":193,"column":8}},"193":{"start":{"line":194,"column":0},"end":{"line":194,"column":63}},"194":{"start":{"line":195,"column":0},"end":{"line":195,"column":32}},"195":{"start":{"line":196,"column":0},"end":{"line":196,"column":27}},"196":{"start":{"line":197,"column":0},"end":{"line":197,"column":8}},"197":{"start":{"line":198,"column":0},"end":{"line":198,"column":62}},"198":{"start":{"line":199,"column":0},"end":{"line":199,"column":32}},"199":{"start":{"line":200,"column":0},"end":{"line":200,"column":26}},"200":{"start":{"line":201,"column":0},"end":{"line":201,"column":38}},"201":{"start":{"line":202,"column":0},"end":{"line":202,"column":35}},"202":{"start":{"line":203,"column":0},"end":{"line":203,"column":39}},"203":{"start":{"line":204,"column":0},"end":{"line":204,"column":9}},"204":{"start":{"line":205,"column":0},"end":{"line":205,"column":4}},"205":{"start":{"line":206,"column":0},"end":{"line":206,"column":14}},"206":{"start":{"line":207,"column":0},"end":{"line":207,"column":38}},"207":{"start":{"line":208,"column":0},"end":{"line":208,"column":60}},"208":{"start":{"line":209,"column":0},"end":{"line":209,"column":56}},"209":{"start":{"line":210,"column":0},"end":{"line":210,"column":48}},"210":{"start":{"line":211,"column":0},"end":{"line":211,"column":40}},"211":{"start":{"line":212,"column":0},"end":{"line":212,"column":73}},"212":{"start":{"line":213,"column":0},"end":{"line":213,"column":3}},"213":{"start":{"line":214,"column":0},"end":{"line":214,"column":3}},"214":{"start":{"line":215,"column":0},"end":{"line":215,"column":0}},"215":{"start":{"line":216,"column":0},"end":{"line":216,"column":78}},"216":{"start":{"line":217,"column":0},"end":{"line":217,"column":20}},"217":{"start":{"line":218,"column":0},"end":{"line":218,"column":33}}},"s":{"0":1,"1":1,"2":1,"3":1,"4":1,"5":1,"6":1,"7":1,"8":1,"9":1,"10":1,"11":1,"12":1,"13":1,"14":1,"15":1,"16":1,"17":1,"18":1,"19":1,"20":1,"21":1,"22":1,"23":1,"24":1,"25":1,"26":1,"27":1,"28":1,"29":1,"30":1,"31":1,"32":1,"33":1,"34":1,"35":1,"36":1,"37":1,"38":1,"39":1,"40":2,"41":1,"42":1,"43":1,"44":1,"45":1,"46":1,"47":1,"48":1,"49":1,"50":1,"51":1,"52":1,"53":1,"54":1,"55":2,"56":2,"57":1,"58":1,"59":2,"60":2,"61":1,"62":1,"63":1,"64":1,"65":1,"66":2,"67":2,"68":1,"69":1,"70":1,"71":1,"72":1,"73":2,"74":2,"75":1,"76":1,"77":2,"78":2,"79":1,"80":1,"81":1,"82":1,"83":1,"84":2,"85":2,"86":1,"87":1,"88":1,"89":1,"90":1,"91":2,"92":2,"93":1,"94":1,"95":2,"96":2,"97":1,"98":1,"99":1,"100":1,"101":1,"102":2,"103":2,"104":1,"105":1,"106":1,"107":1,"108":1,"109":2,"110":2,"111":1,"112":1,"113":2,"114":2,"115":1,"116":1,"117":1,"118":1,"119":1,"120":2,"121":2,"122":1,"123":1,"124":1,"125":1,"126":1,"127":1,"128":2,"129":2,"130":1,"131":1,"132":2,"133":2,"134":1,"135":1,"136":1,"137":2,"138":2,"139":1,"140":1,"141":2,"142":2,"143":1,"144":1,"145":1,"146":2,"147":2,"148":1,"149":1,"150":1,"151":2,"152":2,"153":1,"154":1,"155":1,"156":1,"157":2,"158":2,"159":1,"160":1,"161":2,"162":2,"163":1,"164":1,"165":1,"166":2,"167":2,"168":1,"169":1,"170":2,"171":2,"172":1,"173":1,"174":2,"175":2,"176":1,"177":1,"178":1,"179":1,"180":1,"181":2,"182":2,"183":1,"184":1,"185":1,"186":1,"187":1,"188":2,"189":2,"190":1,"191":1,"192":2,"193":2,"194":1,"195":1,"196":2,"197":2,"198":1,"199":1,"200":1,"201":1,"202":1,"203":2,"204":1,"205":1,"206":1,"207":1,"208":1,"209":1,"210":1,"211":1,"212":1,"213":1,"214":1,"215":1,"216":1,"217":1},"branchMap":{"0":{"type":"branch","line":37,"loc":{"start":{"line":37,"column":16},"end":{"line":39,"column":5}},"locations":[{"start":{"line":37,"column":16},"end":{"line":39,"column":5}}]},"1":{"type":"branch","line":40,"loc":{"start":{"line":40,"column":20},"end":{"line":42,"column":5}},"locations":[{"start":{"line":40,"column":20},"end":{"line":42,"column":5}}]},"2":{"type":"branch","line":43,"loc":{"start":{"line":43,"column":24},"end":{"line":46,"column":5}},"locations":[{"start":{"line":43,"column":24},"end":{"line":46,"column":5}}]},"3":{"type":"branch","line":47,"loc":{"start":{"line":47,"column":17},"end":{"line":53,"column":5}},"locations":[{"start":{"line":47,"column":17},"end":{"line":53,"column":5}}]},"4":{"type":"branch","line":55,"loc":{"start":{"line":55,"column":17},"end":{"line":205,"column":3}},"locations":[{"start":{"line":55,"column":17},"end":{"line":205,"column":3}}]},"5":{"type":"branch","line":57,"loc":{"start":{"line":57,"column":30},"end":{"line":60,"column":7}},"locations":[{"start":{"line":57,"column":30},"end":{"line":60,"column":7}}]},"6":{"type":"branch","line":61,"loc":{"start":{"line":61,"column":32},"end":{"line":67,"column":7}},"locations":[{"start":{"line":61,"column":32},"end":{"line":67,"column":7}}]},"7":{"type":"branch","line":68,"loc":{"start":{"line":68,"column":31},"end":{"line":74,"column":7}},"locations":[{"start":{"line":68,"column":31},"end":{"line":74,"column":7}}]},"8":{"type":"branch","line":73,"loc":{"start":{"line":73,"column":48},"end":{"line":73,"column":66}},"locations":[{"start":{"line":73,"column":48},"end":{"line":73,"column":66}}]},"9":{"type":"branch","line":75,"loc":{"start":{"line":75,"column":33},"end":{"line":78,"column":7}},"locations":[{"start":{"line":75,"column":33},"end":{"line":78,"column":7}}]},"10":{"type":"branch","line":79,"loc":{"start":{"line":79,"column":35},"end":{"line":85,"column":7}},"locations":[{"start":{"line":79,"column":35},"end":{"line":85,"column":7}}]},"11":{"type":"branch","line":86,"loc":{"start":{"line":86,"column":34},"end":{"line":92,"column":7}},"locations":[{"start":{"line":86,"column":34},"end":{"line":92,"column":7}}]},"12":{"type":"branch","line":91,"loc":{"start":{"line":91,"column":42},"end":{"line":91,"column":66}},"locations":[{"start":{"line":91,"column":42},"end":{"line":91,"column":66}}]},"13":{"type":"branch","line":93,"loc":{"start":{"line":93,"column":31},"end":{"line":96,"column":7}},"locations":[{"start":{"line":93,"column":31},"end":{"line":96,"column":7}}]},"14":{"type":"branch","line":97,"loc":{"start":{"line":97,"column":33},"end":{"line":103,"column":7}},"locations":[{"start":{"line":97,"column":33},"end":{"line":103,"column":7}}]},"15":{"type":"branch","line":104,"loc":{"start":{"line":104,"column":32},"end":{"line":110,"column":7}},"locations":[{"start":{"line":104,"column":32},"end":{"line":110,"column":7}}]},"16":{"type":"branch","line":111,"loc":{"start":{"line":111,"column":32},"end":{"line":114,"column":7}},"locations":[{"start":{"line":111,"column":32},"end":{"line":114,"column":7}}]},"17":{"type":"branch","line":115,"loc":{"start":{"line":115,"column":34},"end":{"line":121,"column":7}},"locations":[{"start":{"line":115,"column":34},"end":{"line":121,"column":7}}]},"18":{"type":"branch","line":122,"loc":{"start":{"line":122,"column":33},"end":{"line":129,"column":7}},"locations":[{"start":{"line":122,"column":33},"end":{"line":129,"column":7}}]},"19":{"type":"branch","line":128,"loc":{"start":{"line":128,"column":30},"end":{"line":128,"column":72}},"locations":[{"start":{"line":128,"column":30},"end":{"line":128,"column":72}}]},"20":{"type":"branch","line":130,"loc":{"start":{"line":130,"column":35},"end":{"line":133,"column":7}},"locations":[{"start":{"line":130,"column":35},"end":{"line":133,"column":7}}]},"21":{"type":"branch","line":134,"loc":{"start":{"line":134,"column":37},"end":{"line":138,"column":7}},"locations":[{"start":{"line":134,"column":37},"end":{"line":138,"column":7}}]},"22":{"type":"branch","line":139,"loc":{"start":{"line":139,"column":36},"end":{"line":142,"column":7}},"locations":[{"start":{"line":139,"column":36},"end":{"line":142,"column":7}}]},"23":{"type":"branch","line":141,"loc":{"start":{"line":141,"column":42},"end":{"line":141,"column":73}},"locations":[{"start":{"line":141,"column":42},"end":{"line":141,"column":73}}]},"24":{"type":"branch","line":143,"loc":{"start":{"line":143,"column":39},"end":{"line":147,"column":7}},"locations":[{"start":{"line":143,"column":39},"end":{"line":147,"column":7}}]},"25":{"type":"branch","line":148,"loc":{"start":{"line":148,"column":41},"end":{"line":152,"column":7}},"locations":[{"start":{"line":148,"column":41},"end":{"line":152,"column":7}}]},"26":{"type":"branch","line":153,"loc":{"start":{"line":153,"column":40},"end":{"line":158,"column":7}},"locations":[{"start":{"line":153,"column":40},"end":{"line":158,"column":7}}]},"27":{"type":"branch","line":157,"loc":{"start":{"line":157,"column":30},"end":{"line":157,"column":72}},"locations":[{"start":{"line":157,"column":30},"end":{"line":157,"column":72}}]},"28":{"type":"branch","line":159,"loc":{"start":{"line":159,"column":38},"end":{"line":162,"column":7}},"locations":[{"start":{"line":159,"column":38},"end":{"line":162,"column":7}}]},"29":{"type":"branch","line":163,"loc":{"start":{"line":163,"column":40},"end":{"line":167,"column":7}},"locations":[{"start":{"line":163,"column":40},"end":{"line":167,"column":7}}]},"30":{"type":"branch","line":168,"loc":{"start":{"line":168,"column":39},"end":{"line":171,"column":7}},"locations":[{"start":{"line":168,"column":39},"end":{"line":171,"column":7}}]},"31":{"type":"branch","line":170,"loc":{"start":{"line":170,"column":42},"end":{"line":170,"column":68}},"locations":[{"start":{"line":170,"column":42},"end":{"line":170,"column":68}}]},"32":{"type":"branch","line":172,"loc":{"start":{"line":172,"column":38},"end":{"line":175,"column":7}},"locations":[{"start":{"line":172,"column":38},"end":{"line":175,"column":7}}]},"33":{"type":"branch","line":176,"loc":{"start":{"line":176,"column":40},"end":{"line":182,"column":7}},"locations":[{"start":{"line":176,"column":40},"end":{"line":182,"column":7}}]},"34":{"type":"branch","line":183,"loc":{"start":{"line":183,"column":39},"end":{"line":189,"column":7}},"locations":[{"start":{"line":183,"column":39},"end":{"line":189,"column":7}}]},"35":{"type":"branch","line":190,"loc":{"start":{"line":190,"column":41},"end":{"line":193,"column":7}},"locations":[{"start":{"line":190,"column":41},"end":{"line":193,"column":7}}]},"36":{"type":"branch","line":194,"loc":{"start":{"line":194,"column":43},"end":{"line":197,"column":7}},"locations":[{"start":{"line":194,"column":43},"end":{"line":197,"column":7}}]},"37":{"type":"branch","line":198,"loc":{"start":{"line":198,"column":42},"end":{"line":204,"column":7}},"locations":[{"start":{"line":198,"column":42},"end":{"line":204,"column":7}}]}},"b":{"0":[1],"1":[2],"2":[1],"3":[1],"4":[2],"5":[1],"6":[1],"7":[1],"8":[0],"9":[1],"10":[1],"11":[1],"12":[0],"13":[1],"14":[1],"15":[1],"16":[1],"17":[1],"18":[1],"19":[0],"20":[1],"21":[1],"22":[1],"23":[0],"24":[1],"25":[1],"26":[1],"27":[0],"28":[1],"29":[1],"30":[1],"31":[0],"32":[1],"33":[1],"34":[1],"35":[1],"36":[1],"37":[1]},"fnMap":{"0":{"name":"clearError","decl":{"start":{"line":37,"column":16},"end":{"line":39,"column":5}},"loc":{"start":{"line":37,"column":16},"end":{"line":39,"column":5}},"line":37},"1":{"name":"setAuthChecked","decl":{"start":{"line":40,"column":20},"end":{"line":42,"column":5}},"loc":{"start":{"line":40,"column":20},"end":{"line":42,"column":5}},"line":40},"2":{"name":"resetPasswordState","decl":{"start":{"line":43,"column":24},"end":{"line":46,"column":5}},"loc":{"start":{"line":43,"column":24},"end":{"line":46,"column":5}},"line":43},"3":{"name":"forceLogout","decl":{"start":{"line":47,"column":17},"end":{"line":53,"column":5}},"loc":{"start":{"line":47,"column":17},"end":{"line":53,"column":5}},"line":47},"4":{"name":"extraReducers","decl":{"start":{"line":55,"column":17},"end":{"line":205,"column":3}},"loc":{"start":{"line":55,"column":17},"end":{"line":205,"column":3}},"line":55},"5":{"name":"selectUser","decl":{"start":{"line":207,"column":16},"end":{"line":207,"column":32}},"loc":{"start":{"line":207,"column":16},"end":{"line":207,"column":32}},"line":207},"6":{"name":"selectIsAuthenticated","decl":{"start":{"line":208,"column":27},"end":{"line":208,"column":43}},"loc":{"start":{"line":208,"column":27},"end":{"line":208,"column":43}},"line":208},"7":{"name":"selectIsAuthChecked","decl":{"start":{"line":209,"column":25},"end":{"line":209,"column":41}},"loc":{"start":{"line":209,"column":25},"end":{"line":209,"column":41}},"line":209},"8":{"name":"selectIsLoading","decl":{"start":{"line":210,"column":21},"end":{"line":210,"column":37}},"loc":{"start":{"line":210,"column":21},"end":{"line":210,"column":37}},"line":210},"9":{"name":"selectError","decl":{"start":{"line":211,"column":17},"end":{"line":211,"column":33}},"loc":{"start":{"line":211,"column":17},"end":{"line":211,"column":33}},"line":211},"10":{"name":"selectPasswordResetRequested","decl":{"start":{"line":212,"column":34},"end":{"line":212,"column":50}},"loc":{"start":{"line":212,"column":34},"end":{"line":212,"column":50}},"line":212}},"f":{"0":1,"1":2,"2":1,"3":1,"4":2,"5":0,"6":0,"7":0,"8":0,"9":0,"10":0}}
,"D:\\code\\git\\stellar-burgers\\src\\utils\\burger-api.ts": {"path":"D:\\code\\git\\stellar-burgers\\src\\utils\\burger-api.ts","all":false,"statementMap":{"0":{"start":{"line":1,"column":0},"end":{"line":1,"column":48}},"1":{"start":{"line":2,"column":0},"end":{"line":2,"column":66}},"2":{"start":{"line":3,"column":0},"end":{"line":3,"column":0}},"3":{"start":{"line":4,"column":0},"end":{"line":4,"column":39}},"4":{"start":{"line":5,"column":0},"end":{"line":5,"column":0}},"5":{"start":{"line":6,"column":0},"end":{"line":6,"column":55}},"6":{"start":{"line":7,"column":0},"end":{"line":7,"column":70}},"7":{"start":{"line":8,"column":0},"end":{"line":8,"column":0}},"8":{"start":{"line":9,"column":0},"end":{"line":9,"column":27}},"9":{"start":{"line":10,"column":0},"end":{"line":10,"column":19}},"10":{"start":{"line":11,"column":0},"end":{"line":11,"column":6}},"11":{"start":{"line":12,"column":0},"end":{"line":12,"column":0}},"12":{"start":{"line":13,"column":0},"end":{"line":13,"column":41}},"13":{"start":{"line":14,"column":0},"end":{"line":14,"column":23}},"14":{"start":{"line":15,"column":0},"end":{"line":15,"column":22}},"15":{"start":{"line":16,"column":0},"end":{"line":16,"column":3}},"16":{"start":{"line":17,"column":0},"end":{"line":17,"column":0}},"17":{"start":{"line":18,"column":0},"end":{"line":18,"column":60}},"18":{"start":{"line":19,"column":0},"end":{"line":19,"column":30}},"19":{"start":{"line":20,"column":0},"end":{"line":20,"column":19}},"20":{"start":{"line":21,"column":0},"end":{"line":21,"column":14}},"21":{"start":{"line":22,"column":0},"end":{"line":22,"column":54}},"22":{"start":{"line":23,"column":0},"end":{"line":23,"column":6}},"23":{"start":{"line":24,"column":0},"end":{"line":24,"column":26}},"24":{"start":{"line":25,"column":0},"end":{"line":25,"column":49}},"25":{"start":{"line":26,"column":0},"end":{"line":26,"column":6}},"26":{"start":{"line":27,"column":0},"end":{"line":27,"column":4}},"27":{"start":{"line":28,"column":0},"end":{"line":28,"column":56}},"28":{"start":{"line":29,"column":0},"end":{"line":29,"column":28}},"29":{"start":{"line":30,"column":0},"end":{"line":30,"column":33}},"30":{"start":{"line":31,"column":0},"end":{"line":31,"column":43}},"31":{"start":{"line":32,"column":0},"end":{"line":32,"column":7}},"32":{"start":{"line":33,"column":0},"end":{"line":33,"column":69}},"33":{"start":{"line":34,"column":0},"end":{"line":34,"column":56}},"34":{"start":{"line":35,"column":0},"end":{"line":35,"column":25}},"35":{"start":{"line":36,"column":0},"end":{"line":36,"column":7}},"36":{"start":{"line":37,"column":0},"end":{"line":37,"column":0}},"37":{"start":{"line":38,"column":0},"end":{"line":38,"column":42}},"38":{"start":{"line":39,"column":0},"end":{"line":39,"column":19}},"39":{"start":{"line":40,"column":0},"end":{"line":40,"column":22}},"40":{"start":{"line":41,"column":0},"end":{"line":41,"column":6}},"41":{"start":{"line":42,"column":0},"end":{"line":42,"column":7}},"42":{"start":{"line":43,"column":0},"end":{"line":43,"column":42}},"43":{"start":{"line":44,"column":0},"end":{"line":44,"column":39}},"44":{"start":{"line":45,"column":0},"end":{"line":45,"column":17}},"45":{"start":{"line":46,"column":0},"end":{"line":46,"column":65}},"46":{"start":{"line":47,"column":0},"end":{"line":47,"column":47}},"47":{"start":{"line":48,"column":0},"end":{"line":48,"column":26}},"48":{"start":{"line":49,"column":0},"end":{"line":49,"column":19}},"49":{"start":{"line":50,"column":0},"end":{"line":50,"column":18}},"50":{"start":{"line":51,"column":0},"end":{"line":51,"column":29}},"51":{"start":{"line":52,"column":0},"end":{"line":52,"column":48}},"52":{"start":{"line":53,"column":0},"end":{"line":53,"column":9}},"53":{"start":{"line":54,"column":0},"end":{"line":54,"column":8}},"54":{"start":{"line":55,"column":0},"end":{"line":55,"column":47}},"55":{"start":{"line":56,"column":0},"end":{"line":56,"column":41}},"56":{"start":{"line":57,"column":0},"end":{"line":57,"column":5}},"57":{"start":{"line":58,"column":0},"end":{"line":58,"column":14}},"58":{"start":{"line":59,"column":0},"end":{"line":59,"column":3}},"59":{"start":{"line":60,"column":0},"end":{"line":60,"column":2}},"60":{"start":{"line":61,"column":0},"end":{"line":61,"column":0}},"61":{"start":{"line":62,"column":0},"end":{"line":62,"column":42}},"62":{"start":{"line":63,"column":0},"end":{"line":63,"column":41}},"63":{"start":{"line":64,"column":0},"end":{"line":64,"column":15}},"64":{"start":{"line":65,"column":0},"end":{"line":65,"column":66}},"65":{"start":{"line":66,"column":0},"end":{"line":66,"column":22}},"66":{"start":{"line":67,"column":0},"end":{"line":67,"column":6}},"67":{"start":{"line":68,"column":0},"end":{"line":68,"column":34}},"68":{"start":{"line":69,"column":0},"end":{"line":69,"column":16}},"69":{"start":{"line":70,"column":0},"end":{"line":70,"column":3}},"70":{"start":{"line":71,"column":0},"end":{"line":71,"column":15}},"71":{"start":{"line":72,"column":0},"end":{"line":72,"column":2}},"72":{"start":{"line":73,"column":0},"end":{"line":73,"column":0}},"73":{"start":{"line":74,"column":0},"end":{"line":74,"column":45}},"74":{"start":{"line":75,"column":0},"end":{"line":75,"column":22}},"75":{"start":{"line":76,"column":0},"end":{"line":76,"column":3}},"76":{"start":{"line":77,"column":0},"end":{"line":77,"column":0}},"77":{"start":{"line":78,"column":0},"end":{"line":78,"column":39}},"78":{"start":{"line":79,"column":0},"end":{"line":79,"column":19}},"79":{"start":{"line":80,"column":0},"end":{"line":80,"column":16}},"80":{"start":{"line":81,"column":0},"end":{"line":81,"column":21}},"81":{"start":{"line":82,"column":0},"end":{"line":82,"column":3}},"82":{"start":{"line":83,"column":0},"end":{"line":83,"column":0}},"83":{"start":{"line":84,"column":0},"end":{"line":84,"column":38}},"84":{"start":{"line":85,"column":0},"end":{"line":85,"column":29}},"85":{"start":{"line":86,"column":0},"end":{"line":86,"column":60}},"86":{"start":{"line":87,"column":0},"end":{"line":87,"column":21}},"87":{"start":{"line":88,"column":0},"end":{"line":88,"column":42}},"88":{"start":{"line":89,"column":0},"end":{"line":89,"column":34}},"89":{"start":{"line":90,"column":0},"end":{"line":90,"column":7}},"90":{"start":{"line":91,"column":0},"end":{"line":91,"column":0}},"91":{"start":{"line":92,"column":0},"end":{"line":92,"column":32}},"92":{"start":{"line":93,"column":0},"end":{"line":93,"column":28}},"93":{"start":{"line":94,"column":0},"end":{"line":94,"column":54}},"94":{"start":{"line":95,"column":0},"end":{"line":95,"column":21}},"95":{"start":{"line":96,"column":0},"end":{"line":96,"column":37}},"96":{"start":{"line":97,"column":0},"end":{"line":97,"column":34}},"97":{"start":{"line":98,"column":0},"end":{"line":98,"column":7}},"98":{"start":{"line":99,"column":0},"end":{"line":99,"column":0}},"99":{"start":{"line":100,"column":0},"end":{"line":100,"column":35}},"100":{"start":{"line":101,"column":0},"end":{"line":101,"column":7}},"101":{"start":{"line":102,"column":0},"end":{"line":102,"column":45}},"102":{"start":{"line":103,"column":0},"end":{"line":103,"column":62}},"103":{"start":{"line":104,"column":0},"end":{"line":104,"column":20}},"104":{"start":{"line":105,"column":0},"end":{"line":105,"column":16}},"105":{"start":{"line":106,"column":0},"end":{"line":106,"column":57}},"106":{"start":{"line":107,"column":0},"end":{"line":107,"column":34}},"107":{"start":{"line":108,"column":0},"end":{"line":108,"column":22}},"108":{"start":{"line":109,"column":0},"end":{"line":109,"column":23}},"109":{"start":{"line":110,"column":0},"end":{"line":110,"column":44}},"110":{"start":{"line":111,"column":0},"end":{"line":111,"column":34}},"111":{"start":{"line":112,"column":0},"end":{"line":112,"column":7}},"112":{"start":{"line":113,"column":0},"end":{"line":113,"column":19}},"113":{"start":{"line":114,"column":0},"end":{"line":114,"column":33}},"114":{"start":{"line":115,"column":0},"end":{"line":115,"column":3}},"115":{"start":{"line":116,"column":0},"end":{"line":116,"column":2}},"116":{"start":{"line":117,"column":0},"end":{"line":117,"column":0}},"117":{"start":{"line":118,"column":0},"end":{"line":118,"column":15}},"118":{"start":{"line":119,"column":0},"end":{"line":119,"column":15}},"119":{"start":{"line":120,"column":0},"end":{"line":120,"column":16}},"120":{"start":{"line":121,"column":0},"end":{"line":121,"column":20}},"121":{"start":{"line":122,"column":0},"end":{"line":122,"column":20}},"122":{"start":{"line":123,"column":0},"end":{"line":123,"column":2}},"123":{"start":{"line":124,"column":0},"end":{"line":124,"column":0}},"124":{"start":{"line":125,"column":0},"end":{"line":125,"column":18}},"125":{"start":{"line":126,"column":0},"end":{"line":126,"column":14}},"126":{"start":{"line":127,"column":0},"end":{"line":127,"column":17}},"127":{"start":{"line":128,"column":0},"end":{"line":128,"column":15}},"128":{"start":{"line":129,"column":0},"end":{"line":129,"column":16}},"129":{"start":{"line":130,"column":0},"end":{"line":130,"column":20}},"130":{"start":{"line":131,"column":0},"end":{"line":131,"column":20}},"131":{"start":{"line":132,"column":0},"end":{"line":132,"column":17}},"132":{"start":{"line":133,"column":0},"end":{"line":133,"column":16}},"133":{"start":{"line":134,"column":0},"end":{"line":134,"column":2}},"134":{"start":{"line":135,"column":0},"end":{"line":135,"column":0}},"135":{"start":{"line":136,"column":0},"end":{"line":136,"column":42}},"136":{"start":{"line":137,"column":0},"end":{"line":137,"column":19}},"137":{"start":{"line":138,"column":0},"end":{"line":138,"column":15}},"138":{"start":{"line":139,"column":0},"end":{"line":139,"column":3}},"139":{"start":{"line":140,"column":0},"end":{"line":140,"column":0}},"140":{"start":{"line":141,"column":0},"end":{"line":141,"column":51}},"141":{"start":{"line":142,"column":0},"end":{"line":142,"column":7}},"142":{"start":{"line":143,"column":0},"end":{"line":143,"column":45}},"143":{"start":{"line":144,"column":0},"end":{"line":144,"column":65}},"144":{"start":{"line":145,"column":0},"end":{"line":145,"column":21}},"145":{"start":{"line":146,"column":0},"end":{"line":146,"column":16}},"146":{"start":{"line":147,"column":0},"end":{"line":147,"column":57}},"147":{"start":{"line":148,"column":0},"end":{"line":148,"column":34}},"148":{"start":{"line":149,"column":0},"end":{"line":149,"column":23}},"149":{"start":{"line":150,"column":0},"end":{"line":150,"column":28}},"150":{"start":{"line":151,"column":0},"end":{"line":151,"column":25}},"151":{"start":{"line":152,"column":0},"end":{"line":152,"column":8}},"152":{"start":{"line":153,"column":0},"end":{"line":153,"column":23}},"153":{"start":{"line":154,"column":0},"end":{"line":154,"column":37}},"154":{"start":{"line":155,"column":0},"end":{"line":155,"column":34}},"155":{"start":{"line":156,"column":0},"end":{"line":156,"column":7}},"156":{"start":{"line":157,"column":0},"end":{"line":157,"column":19}},"157":{"start":{"line":158,"column":0},"end":{"line":158,"column":33}},"158":{"start":{"line":159,"column":0},"end":{"line":159,"column":3}},"159":{"start":{"line":160,"column":0},"end":{"line":160,"column":2}},"160":{"start":{"line":161,"column":0},"end":{"line":161,"column":0}},"161":{"start":{"line":162,"column":0},"end":{"line":162,"column":39}},"162":{"start":{"line":163,"column":0},"end":{"line":163,"co
[...]
olumn":10},"end":{"line":28,"column":32}}]},"6":{"type":"branch","line":29,"loc":{"start":{"line":29,"column":10},"end":{"line":36,"column":5}},"locations":[{"start":{"line":29,"column":10},"end":{"line":36,"column":5}}]},"7":{"type":"branch","line":30,"loc":{"start":{"line":30,"column":32},"end":{"line":32,"column":7}},"locations":[{"start":{"line":30,"column":32},"end":{"line":32,"column":7}}]},"8":{"type":"branch","line":38,"loc":{"start":{"line":38,"column":32},"end":{"line":60,"column":2}},"locations":[{"start":{"line":38,"column":32},"end":{"line":60,"column":2}}]},"9":{"type":"branch","line":41,"loc":{"start":{"line":41,"column":-2},"end":{"line":60,"column":2}},"locations":[{"start":{"line":41,"column":-2},"end":{"line":60,"column":2}}]},"10":{"type":"branch","line":44,"loc":{"start":{"line":44,"column":4},"end":{"line":44,"column":39}},"locations":[{"start":{"line":44,"column":4},"end":{"line":44,"column":39}}]},"11":{"type":"branch","line":56,"loc":{"start":{"line":56,"column":6},"end":{"line":56,"column":41}},"locations":[{"start":{"line":56,"column":6},"end":{"line":56,"column":41}}]},"12":{"type":"branch","line":58,"loc":{"start":{"line":58,"column":4},"end":{"line":58,"column":14}},"locations":[{"start":{"line":58,"column":4},"end":{"line":58,"column":14}}]},"13":{"type":"branch","line":62,"loc":{"start":{"line":62,"column":27},"end":{"line":72,"column":2}},"locations":[{"start":{"line":62,"column":27},"end":{"line":72,"column":2}}]},"14":{"type":"branch","line":64,"loc":{"start":{"line":64,"column":14},"end":{"line":70,"column":3}},"locations":[{"start":{"line":64,"column":14},"end":{"line":70,"column":3}}]},"15":{"type":"branch","line":84,"loc":{"start":{"line":84,"column":33},"end":{"line":90,"column":7}},"locations":[{"start":{"line":84,"column":33},"end":{"line":90,"column":7}}]},"16":{"type":"branch","line":86,"loc":{"start":{"line":86,"column":10},"end":{"line":86,"column":32}},"locations":[{"start":{"line":86,"column":10},"end":{"line":86,"column":32}}]},"17":{"type":"branch","line":87,"loc":{"start":{"line":87,"column":10},"end":{"line":90,"column":5}},"locations":[{"start":{"line":87,"column":10},"end":{"line":90,"column":5}}]},"18":{"type":"branch","line":88,"loc":{"start":{"line":88,"column":14},"end":{"line":88,"column":16}},"locations":[{"start":{"line":88,"column":14},"end":{"line":88,"column":16}}]},"19":{"type":"branch","line":89,"loc":{"start":{"line":89,"column":-2},"end":{"line":90,"column":5}},"locations":[{"start":{"line":89,"column":-2},"end":{"line":90,"column":5}}]},"20":{"type":"branch","line":92,"loc":{"start":{"line":92,"column":27},"end":{"line":98,"column":7}},"locations":[{"start":{"line":92,"column":27},"end":{"line":98,"column":7}}]},"21":{"type":"branch","line":94,"loc":{"start":{"line":94,"column":10},"end":{"line":94,"column":32}},"locations":[{"start":{"line":94,"column":10},"end":{"line":94,"column":32}}]},"22":{"type":"branch","line":95,"loc":{"start":{"line":95,"column":10},"end":{"line":98,"column":5}},"locations":[{"start":{"line":95,"column":10},"end":{"line":98,"column":5}}]},"23":{"type":"branch","line":96,"loc":{"start":{"line":96,"column":14},"end":{"line":96,"column":16}},"locations":[{"start":{"line":96,"column":14},"end":{"line":96,"column":16}}]},"24":{"type":"branch","line":97,"loc":{"start":{"line":97,"column":-2},"end":{"line":98,"column":5}},"locations":[{"start":{"line":97,"column":-2},"end":{"line":98,"column":5}}]},"25":{"type":"branch","line":100,"loc":{"start":{"line":100,"column":28},"end":{"line":116,"column":2}},"locations":[{"start":{"line":100,"column":28},"end":{"line":116,"column":2}}]},"26":{"type":"branch","line":113,"loc":{"start":{"line":113,"column":4},"end":{"line":115,"column":3}},"locations":[{"start":{"line":113,"column":4},"end":{"line":115,"column":3}}]},"27":{"type":"branch","line":109,"loc":{"start":{"line":109,"column":12},"end":{"line":112,"column":5}},"locations":[{"start":{"line":109,"column":12},"end":{"line":112,"column":5}}]},"28":{"type":"branch","line":110,"loc":{"start":{"line":110,"column":14},"end":{"line":110,"column":16}},"locations":[{"start":{"line":110,"column":14},"end":{"line":110,"column":16}}]},"29":{"type":"branch","line":111,"loc":{"start":{"line":111,"column":-2},"end":{"line":112,"column":5}},"locations":[{"start":{"line":111,"column":-2},"end":{"line":112,"column":5}}]},"30":{"type":"branch","line":141,"loc":{"start":{"line":141,"column":30},"end":{"line":160,"column":2}},"locations":[{"start":{"line":141,"column":30},"end":{"line":160,"column":2}}]},"31":{"type":"branch","line":157,"loc":{"start":{"line":157,"column":4},"end":{"line":159,"column":3}},"locations":[{"start":{"line":157,"column":4},"end":{"line":159,"column":3}}]},"32":{"type":"branch","line":153,"loc":{"start":{"line":153,"column":12},"end":{"line":156,"column":5}},"locations":[{"start":{"line":153,"column":12},"end":{"line":156,"column":5}}]},"33":{"type":"branch","line":154,"loc":{"start":{"line":154,"column":14},"end":{"line":154,"column":16}},"locations":[{"start":{"line":154,"column":14},"end":{"line":154,"column":16}}]},"34":{"type":"branch","line":155,"loc":{"start":{"line":155,"column":-2},"end":{"line":156,"column":5}},"locations":[{"start":{"line":155,"column":-2},"end":{"line":156,"column":5}}]},"35":{"type":"branch","line":166,"loc":{"start":{"line":166,"column":35},"end":{"line":172,"column":55}},"locations":[{"start":{"line":166,"column":35},"end":{"line":172,"column":55}}]},"36":{"type":"branch","line":172,"loc":{"start":{"line":172,"column":10},"end":{"line":172,"column":32}},"locations":[{"start":{"line":172,"column":10},"end":{"line":172,"column":32}}]},"37":{"type":"branch","line":186,"loc":{"start":{"line":186,"column":31},"end":{"line":202,"column":7}},"locations":[{"start":{"line":186,"column":31},"end":{"line":202,"column":7}}]},"38":{"type":"branch","line":194,"loc":{"start":{"line":194,"column":10},"end":{"line":194,"column":32}},"locations":[{"start":{"line":194,"column":10},"end":{"line":194,"column":32}}]},"39":{"type":"branch","line":195,"loc":{"start":{"line":195,"column":10},"end":{"line":202,"column":5}},"locations":[{"start":{"line":195,"column":10},"end":{"line":202,"column":5}}]},"40":{"type":"branch","line":196,"loc":{"start":{"line":196,"column":14},"end":{"line":196,"column":16}},"locations":[{"start":{"line":196,"column":14},"end":{"line":196,"column":16}}]},"41":{"type":"branch","line":201,"loc":{"start":{"line":201,"column":-2},"end":{"line":202,"column":5}},"locations":[{"start":{"line":201,"column":-2},"end":{"line":202,"column":5}}]},"42":{"type":"branch","line":209,"loc":{"start":{"line":209,"column":28},"end":{"line":225,"column":7}},"locations":[{"start":{"line":209,"column":28},"end":{"line":225,"column":7}}]},"43":{"type":"branch","line":217,"loc":{"start":{"line":217,"column":10},"end":{"line":217,"column":32}},"locations":[{"start":{"line":217,"column":10},"end":{"line":217,"column":32}}]},"44":{"type":"branch","line":218,"loc":{"start":{"line":218,"column":10},"end":{"line":225,"column":5}},"locations":[{"start":{"line":218,"column":10},"end":{"line":225,"column":5}}]},"45":{"type":"branch","line":219,"loc":{"start":{"line":219,"column":14},"end":{"line":219,"column":16}},"locations":[{"start":{"line":219,"column":14},"end":{"line":219,"column":16}}]},"46":{"type":"branch","line":224,"loc":{"start":{"line":224,"column":-2},"end":{"line":225,"column":5}},"locations":[{"start":{"line":224,"column":-2},"end":{"line":225,"column":5}}]},"47":{"type":"branch","line":227,"loc":{"start":{"line":227,"column":33},"end":{"line":239,"column":7}},"locations":[{"start":{"line":227,"column":33},"end":{"line":239,"column":7}}]},"48":{"type":"branch","line":235,"loc":{"start":{"line":235,"column":10},"end":{"line":235,"column":32}},"locations":[{"start":{"line":235,"column":10},"end":{"line":235,"column":32}}]},"49":{"type":"branch","line":236,"loc":{"start":{"line":236,"column":10},"end":{"line":239,"column":5}},"locations":[{"start":{"line":236,"column":10},"end":{"line":239,"column":5}}]},"50":{"type":"branch","line":237,"loc":{"start":{"line":237,"column":14},"end":{"line":237,"column":16}},"locations":[{"start":{"line":237,"column":14},"end":{"line":237,"column":16}}]},"51":{"type":"branch","line":238,"loc":{"start":{"line":238,"column":-2},"end":{"line":239,"column":5}},"locations":[{"start":{"line":238,"column":-2},"end":{"line":239,"column":5}}]},"52":{"type":"branch","line":241,"loc":{"start":{"line":241,"column":32},"end":{"line":253,"column":7}},"locations":[{"start":{"line":241,"column":32},"end":{"line":253,"column":7}}]},"53":{"type":"branch","line":249,"loc":{"start":{"line":249,"column":10},"end":{"line":249,"column":32}},"locations":[{"start":{"line":249,"column":10},"end":{"line":249,"column":32}}]},"54":{"type":"branch","line":250,"loc":{"start":{"line":250,"column":10},"end":{"line":253,"column":5}},"locations":[{"start":{"line":250,"column":10},"end":{"line":253,"column":5}}]},"55":{"type":"branch","line":251,"loc":{"start":{"line":251,"column":14},"end":{"line":251,"column":16}},"locations":[{"start":{"line":251,"column":14},"end":{"line":251,"column":16}}]},"56":{"type":"branch","line":252,"loc":{"start":{"line":252,"column":-2},"end":{"line":253,"column":5}},"locations":[{"start":{"line":252,"column":-2},"end":{"line":253,"column":5}}]},"57":{"type":"branch","line":257,"loc":{"start":{"line":257,"column":26},"end":{"line":268,"column":2}},"locations":[{"start":{"line":257,"column":26},"end":{"line":268,"column":2}}]},"58":{"type":"branch","line":265,"loc":{"start":{"line":265,"column":4},"end":{"line":267,"column":3}},"locations":[{"start":{"line":265,"column":4},"end":{"line":267,"column":3}}]},"59":{"type":"branch","line":270,"loc":{"start":{"line":270,"column":29},"end":{"line":284,"column":2}},"locations":[{"start":{"line":270,"column":29},"end":{"line":284,"column":2}}]},"60":{"type":"branch","line":281,"loc":{"start":{"line":281,"column":4},"end":{"line":283,"column":3}},"locations":[{"start":{"line":281,"column":4},"end":{"line":283,"column":3}}]},"61":{"type":"branch","line":286,"loc":{"start":{"line":286,"column":25},"end":{"line":311,"column":2}},"locations":[{"start":{"line":286,"column":25},"end":{"line":311,"column":2}}]},"62":{"type":"branch","line":286,"loc":{"start":{"line":286,"column":42},"end":{"line":311,"column":2}},"locations":[{"start":{"line":286,"column":42},"end":{"line":311,"column":2}}]},"63":{"type":"branch","line":290,"loc":{"start":{"line":290,"column":39},"end":{"line":293,"column":5}},"locations":[{"start":{"line":290,"column":39},"end":{"line":293,"column":5}}]},"64":{"type":"branch","line":312,"loc":{"start":{"line":312,"column":32},"end":{"line":331,"column":2}},"locations":[{"start":{"line":312,"column":32},"end":{"line":331,"column":2}}]},"65":{"type":"branch","line":312,"loc":{"start":{"line":312,"column":49},"end":{"line":331,"column":2}},"locations":[{"start":{"line":312,"column":49},"end":{"line":331,"column":2}}]},"66":{"type":"branch","line":333,"loc":{"start":{"line":333,"column":29},"end":{"line":337,"column":2}},"locations":[{"start":{"line":333,"column":29},"end":{"line":337,"column":2}}]},"67":{"type":"branch","line":336,"loc":{"start":{"line":336,"column":23},"end":{"line":336,"column":39}},"locations":[{"start":{"line":336,"column":23},"end":{"line":336,"column":39}}]},"68":{"type":"branch","line":339,"loc":{"start":{"line":339,"column":27},"end":{"line":342,"column":2}},"locations":[{"start":{"line":339,"column":27},"end":{"line":342,"column":2}}]}},"b":{"0":[14],"1":[13],"2":[1],"3":[1],"4":[2],"5":[2],"6":[1],"7":[0],"8":[4],"9":[4],"10":[4],"11":[0],"12":[0],"13":[4],"14":[0],"15":[1],"16":[1],"17":[1],"18":[0],"19":[0],"20":[1],"21":[1],"22":[1],"23":[0],"24":[0],"25":[1],"26":[0],"27":[1],"28":[0],"29":[0],"30":[1],"31":[0],"32":[1],"33":[0],"34":[0],"35":[1],"36":[1],"37":[1],"38":[1],"39":[1],"40":[0],"41":[0],"42":[1],"43":[1],"44":[1],"45":[0],"46":[0],"47":[1],"48":[1],"49":[1],"50":[0],"51":[0],"52":[1],"53":[1],"54":[1],"55":[0],"56":[0],"57":[1],"58":[0],"59":[1],"60":[0],"61":[1],"62":[1],"63":[0],"64":[1],"65":[1],"66":[1],"67":[0],"68":[3]},"fnMap":{"0":{"name":"checkResponse","decl":{"start":{"line":6,"column":22},"end":{"line":7,"column":70}},"loc":{"start":{"line":6,"column":22},"end":{"line":7,"column":70}},"line":6},"1":{"name":"refreshToken","decl":{"start":{"line":18,"column":28},"end":{"line":36,"column":7}},"loc":{"start":{"line":18,"column":28},"end":{"line":36,"column":7}},"line":18},"2":{"name":"fetchWithRefresh","decl":{"start":{"line":38,"column":32},"end":{"line":60,"column":2}},"loc":{"start":{"line":38,"column":32},"end":{"line":60,"column":2}},"line":38},"3":{"name":"getAccessTokenSafe","decl":{"start":{"line":62,"column":27},"end":{"line":72,"column":2}},"loc":{"start":{"line":62,"column":27},"end":{"line":72,"column":2}},"line":62},"4":{"name":"getIngredientsApi","decl":{"start":{"line":84,"column":33},"end":{"line":90,"column":7}},"loc":{"start":{"line":84,"column":33},"end":{"line":90,"column":7}},"line":84},"5":{"name":"getFeedsApi","decl":{"start":{"line":92,"column":27},"end":{"line":98,"column":7}},"loc":{"start":{"line":92,"column":27},"end":{"line":98,"column":7}},"line":92},"6":{"name":"getOrdersApi","decl":{"start":{"line":100,"column":28},"end":{"line":116,"column":2}},"loc":{"start":{"line":100,"column":28},"end":{"line":116,"column":2}},"line":100},"7":{"name":"orderBurgerApi","decl":{"start":{"line":141,"column":30},"end":{"line":160,"column":2}},"loc":{"start":{"line":141,"column":30},"end":{"line":160,"column":2}},"line":141},"8":{"name":"getOrderByNumberApi","decl":{"start":{"line":166,"column":35},"end":{"line":172,"column":55}},"loc":{"start":{"line":166,"column":35},"end":{"line":172,"column":55}},"line":166},"9":{"name":"registerUserApi","decl":{"start":{"line":186,"column":31},"end":{"line":202,"column":7}},"loc":{"start":{"line":186,"column":31},"end":{"line":202,"column":7}},"line":186},"10":{"name":"loginUserApi","decl":{"start":{"line":209,"column":28},"end":{"line":225,"column":7}},"loc":{"start":{"line":209,"column":28},"end":{"line":225,"column":7}},"line":209},"11":{"name":"forgotPasswordApi","decl":{"start":{"line":227,"column":33},"end":{"line":239,"column":7}},"loc":{"start":{"line":227,"column":33},"end":{"line":239,"column":7}},"line":227},"12":{"name":"resetPasswordApi","decl":{"start":{"line":241,"column":32},"end":{"line":253,"column":7}},"loc":{"start":{"line":241,"column":32},"end":{"line":253,"column":7}},"line":241},"13":{"name":"getUserApi","decl":{"start":{"line":257,"column":26},"end":{"line":268,"column":2}},"loc":{"start":{"line":257,"column":26},"end":{"line":268,"column":2}},"line":257},"14":{"name":"updateUserApi","decl":{"start":{"line":270,"column":29},"end":{"line":284,"column":2}},"loc":{"start":{"line":270,"column":29},"end":{"line":284,"column":2}},"line":270},"15":{"name":"logoutApi","decl":{"start":{"line":286,"column":25},"end":{"line":311,"column":2}},"loc":{"start":{"line":286,"column":25},"end":{"line":311,"column":2}},"line":286},"16":{"name":"validateUserAuth","decl":{"start":{"line":312,"column":32},"end":{"line":331,"column":2}},"loc":{"start":{"line":312,"column":32},"end":{"line":331,"column":2}},"line":312},"17":{"name":"hasAuthTokens","decl":{"start":{"line":333,"column":29},"end":{"line":337,"column":2}},"loc":{"start":{"line":333,"column":29},"end":{"line":337,"column":2}},"line":333},"18":{"name":"clearTokens","decl":{"start":{"line":339,"column":27},"end":{"line":342,"column":2}},"loc":{"start":{"line":339,"column":27},"end":{"line":342,"column":2}},"line":339}},"f":{"0":14,"1":2,"2":4,"3":4,"4":1,"5":1,"6":1,"7":1,"8":1,"9":1,"10":1,"11":1,"12":1,"13":1,"14":1,"15":1,"16":1,"17":1,"18":3}}
,"D:\\code\\git\\stellar-burgers\\src\\utils\\cookie.ts": {"path":"D:\\code\\git\\stellar-burgers\\src\\utils\\cookie.ts","all":false,"statementMap":{"0":{"start":{"line":1,"column":0},"end":{"line":1,"column":61}},"1":{"start":{"line":2,"column":0},"end":{"line":2,"column":40}},"2":{"start":{"line":3,"column":0},"end":{"line":3,"column":15}},"3":{"start":{"line":4,"column":0},"end":{"line":4,"column":18}},"4":{"start":{"line":5,"column":0},"end":{"line":5,"column":53}},"5":{"start":{"line":6,"column":0},"end":{"line":6,"column":62}},"6":{"start":{"line":7,"column":0},"end":{"line":7,"column":18}},"7":{"start":{"line":8,"column":0},"end":{"line":8,"column":5}},"8":{"start":{"line":9,"column":0},"end":{"line":9,"column":4}},"9":{"start":{"line":10,"column":0},"end":{"line":10,"column":62}},"10":{"start":{"line":11,"column":0},"end":{"line":11,"column":1}},"11":{"start":{"line":12,"column":0},"end":{"line":12,"column":0}},"12":{"start":{"line":13,"column":0},"end":{"line":13,"column":26}},"13":{"start":{"line":14,"column":0},"end":{"line":14,"column":15}},"14":{"start":{"line":15,"column":0},"end":{"line":15,"column":16}},"15":{"start":{"line":16,"column":0},"end":{"line":16,"column":65}},"16":{"start":{"line":17,"column":0},"end":{"line":17,"column":3}},"17":{"start":{"line":18,"column":0},"end":{"line":18,"column":11}},"18":{"start":{"line":19,"column":0},"end":{"line":19,"column":14}},"19":{"start":{"line":20,"column":0},"end":{"line":20,"column":12}},"20":{"start":{"line":21,"column":0},"end":{"line":21,"column":4}},"21":{"start":{"line":22,"column":0},"end":{"line":22,"column":0}},"22":{"start":{"line":23,"column":0},"end":{"line":23,"column":26}},"23":{"start":{"line":24,"column":0},"end":{"line":24,"column":39}},"24":{"start":{"line":25,"column":0},"end":{"line":25,"column":25}},"25":{"start":{"line":26,"column":0},"end":{"line":26,"column":40}},"26":{"start":{"line":27,"column":0},"end":{"line":27,"column":28}},"27":{"start":{"line":28,"column":0},"end":{"line":28,"column":3}},"28":{"start":{"line":29,"column":0},"end":{"line":29,"column":0}},"29":{"start":{"line":30,"column":0},"end":{"line":30,"column":35}},"30":{"start":{"line":31,"column":0},"end":{"line":31,"column":38}},"31":{"start":{"line":32,"column":0},"end":{"line":32,"column":3}},"32":{"start":{"line":33,"column":0},"end":{"line":33,"column":36}},"33":{"start":{"line":34,"column":0},"end":{"line":34,"column":41}},"34":{"start":{"line":35,"column":0},"end":{"line":35,"column":33}},"35":{"start":{"line":36,"column":0},"end":{"line":36,"column":37}},"36":{"start":{"line":37,"column":0},"end":{"line":37,"column":38}},"37":{"start":{"line":38,"column":0},"end":{"line":38,"column":29}},"38":{"start":{"line":39,"column":0},"end":{"line":39,"column":39}},"39":{"start":{"line":40,"column":0},"end":{"line":40,"column":5}},"40":{"start":{"line":41,"column":0},"end":{"line":41,"column":3}},"41":{"start":{"line":42,"column":0},"end":{"line":42,"column":34}},"42":{"start":{"line":43,"column":0},"end":{"line":43,"column":1}},"43":{"start":{"line":44,"column":0},"end":{"line":44,"column":0}},"44":{"start":{"line":45,"column":0},"end":{"line":45,"column":44}},"45":{"start":{"line":46,"column":0},"end":{"line":46,"column":39}},"46":{"start":{"line":47,"column":0},"end":{"line":47,"column":1}}},"s":{"0":0,"1":0,"2":0,"3":0,"4":0,"5":0,"6":0,"7":0,"8":0,"9":0,"10":0,"11":1,"12":0,"13":0,"14":0,"15":0,"16":0,"17":0,"18":0,"19":0,"20":0,"21":0,"22":0,"23":0,"24":0,"25":0,"26":0,"27":0,"28":0,"29":0,"30":0,"31":0,"32":0,"33":0,"34":0,"35":0,"36":0,"37":0,"38":0,"39":0,"40":0,"41":0,"42":0,"43":1,"44":0,"45":0,"46":0},"branchMap":{},"b":{},"fnMap":{"0":{"name":"getCookie","decl":{"start":{"line":1,"column":0},"end":{"line":11,"column":1}},"loc":{"start":{"line":1,"column":0},"end":{"line":11,"column":1}},"line":1},"1":{"name":"setCookie","decl":{"start":{"line":13,"column":0},"end":{"line":43,"column":1}},"loc":{"start":{"line":13,"column":0},"end":{"line":43,"column":1}},"line":13},"2":{"name":"deleteCookie","decl":{"start":{"line":45,"column":0},"end":{"line":47,"column":1}},"loc":{"start":{"line":45,"column":0},"end":{"line":47,"column":1}},"line":45}},"f":{"0":0,"1":0,"2":0}}
}
