TN:
SF:src\services\constructor\slice.ts
FN:18,addBun
FN:21,addIngredient
FN:24,removeIngredient
FN:29,moveIngredient
FN:39,clearConstructor
FNF:5
FNH:5
FNDA:1,addBun
FNDA:1,addIngredient
FNDA:1,removeIngredient
FNDA:1,moveIngredient
FNDA:1,clearConstructor
DA:1,1
DA:2,1
DA:3,1
DA:4,1
DA:5,1
DA:6,1
DA:7,1
DA:8,1
DA:9,1
DA:10,1
DA:11,1
DA:12,1
DA:13,1
DA:14,1
DA:15,1
DA:16,1
DA:17,1
DA:18,1
DA:19,1
DA:20,1
DA:21,1
DA:22,1
DA:23,1
DA:24,1
DA:25,1
DA:26,1
DA:27,1
DA:28,1
DA:29,1
DA:30,1
DA:31,1
DA:32,1
DA:33,1
DA:34,1
DA:35,1
DA:36,1
DA:37,1
DA:38,1
DA:39,1
DA:40,1
DA:41,1
DA:42,1
DA:43,1
DA:44,1
DA:45,1
DA:46,1
DA:47,1
DA:48,1
DA:49,1
DA:50,1
DA:51,1
DA:52,1
DA:53,1
DA:54,1
LF:54
LH:54
BRDA:18,0,0,1
BRDA:21,1,0,1
BRDA:24,2,0,1
BRDA:26,3,0,2
BRDA:29,4,0,1
BRDA:39,5,0,1
BRF:6
BRH:6
end_of_record
TN:
SF:src\services\feed\slice.ts
FN:33,clearFeedError
FN:37,extraReducers
FN:56,selectFeedOrders
FN:57,selectFeedTotal
FN:58,selectFeedTotalToday
FN:59,selectFeedLoading
FN:60,selectFeedError
FNF:7
FNH:7
FNDA:1,clearFeedError
FNDA:2,extraReducers
FNDA:1,selectFeedOrders
FNDA:1,selectFeedTotal
FNDA:1,selectFeedTotalToday
FNDA:1,selectFeedLoading
FNDA:1,selectFeedError
DA:1,1
DA:2,1
DA:3,1
DA:4,1
DA:5,1
DA:6,1
DA:7,1
DA:8,1
DA:9,1
DA:10,1
DA:11,1
DA:12,1
DA:13,1
DA:14,1
DA:15,1
DA:16,1
DA:17,1
DA:18,1
DA:19,1
DA:20,1
DA:21,1
DA:22,1
DA:23,1
DA:24,0
DA:25,0
DA:26,0
DA:27,1
DA:28,1
DA:29,1
DA:30,1
DA:31,1
DA:32,1
DA:33,1
DA:34,1
DA:35,1
DA:36,1
DA:37,1
DA:38,2
DA:39,2
DA:40,1
DA:41,1
DA:42,2
DA:43,2
DA:44,1
DA:45,1
DA:46,1
DA:47,1
DA:48,2
DA:49,2
DA:50,1
DA:51,1
DA:52,1
DA:53,2
DA:54,1
DA:55,1
DA:56,1
DA:57,1
DA:58,1
DA:59,1
DA:60,1
DA:61,1
DA:62,1
DA:63,1
DA:64,1
DA:65,1
DA:66,1
LF:66
LH:63
BRDA:33,0,0,1
BRDA:37,1,0,2
BRDA:39,2,0,1
BRDA:43,3,0,1
BRDA:49,4,0,1
BRDA:52,5,0,0
BRDA:56,6,0,1
BRDA:57,7,0,1
BRDA:58,8,0,1
BRDA:59,9,0,1
BRDA:60,10,0,1
BRF:11
BRH:10
end_of_record
TN:
SF:src\services\ingredients\actions.ts
FNF:0
FNH:0
DA:1,1
DA:2,1
DA:3,1
DA:4,1
DA:5,1
DA:6,1
DA:7,1
LF:7
LH:7
BRF:0
BRH:0
end_of_record
TN:
SF:src\services\ingredients\slice.ts
FN:21,extraReducers
FNF:1
FNH:1
FNDA:2,extraReducers
DA:1,1
DA:2,1
DA:3,1
DA:4,1
DA:5,1
DA:6,1
DA:7,1
DA:8,1
DA:9,1
DA:10,1
DA:11,1
DA:12,1
DA:13,1
DA:14,1
DA:15,1
DA:16,1
DA:17,1
DA:18,1
DA:19,1
DA:20,1
DA:21,1
DA:22,2
DA:23,2
DA:24,1
DA:25,1
DA:26,2
DA:27,2
DA:28,1
DA:29,1
DA:30,1
DA:31,2
DA:32,2
DA:33,1
DA:34,1
DA:35,2
DA:36,2
DA:37,1
DA:38,1
DA:39,1
LF:39
LH:39
BRDA:21,0,0,2
BRDA:23,1,0,1
BRDA:27,2,0,1
BRDA:32,3,0,1
BRDA:34,4,0,0
BRF:5
BRH:4
end_of_record
TN:
SF:src\services\order\slice.ts
FN:22,setOrderRequest
FN:25,setOrderModalData
FN:28,setCurrentOrder
FN:31,setLoading
FN:36,selectOrderRequest
FN:37,selectOrderModalData
FN:38,selectCurrentOrder
FN:39,selectLoading
FNF:8
FNH:4
FNDA:1,setOrderRequest
FNDA:1,setOrderModalData
FNDA:1,setCurrentOrder
FNDA:1,setLoading
FNDA:0,selectOrderRequest
FNDA:0,selectOrderModalData
FNDA:0,selectCurrentOrder
FNDA:0,selectLoading
DA:1,1
DA:2,1
DA:3,1
DA:4,1
DA:5,1
DA:6,1
DA:7,1
DA:8,1
DA:9,1
DA:10,1
DA:11,1
DA:12,1
DA:13,1
DA:14,1
DA:15,1
DA:16,1
DA:17,1
DA:18,1
DA:19,1
DA:20,1
DA:21,1
DA:22,1
DA:23,1
DA:24,1
DA:25,1
DA:26,1
DA:27,1
DA:28,1
DA:29,1
DA:30,1
DA:31,1
DA:32,1
DA:33,1
DA:34,1
DA:35,1
DA:36,1
DA:37,1
DA:38,1
DA:39,1
DA:40,1
DA:41,1
DA:42,1
DA:43,1
DA:44,1
DA:45,1
DA:46,1
DA:47,1
DA:48,1
DA:49,1
DA:50,1
LF:50
LH:50
BRDA:22,0,0,1
BRDA:25,1,0,1
BRDA:28,2,0,1
BRDA:31,3,0,1
BRF:4
BRH:4
end_of_record
TN:
SF:src\services\profile\slice.ts
FN:35,clearOrders
FN:39,clearError
FN:43,extraReducers
FN:63,selectProfileOrders
FN:65,selectProfileLoading
FN:67,selectProfileError
FNF:6
FNH:3
FNDA:1,clearOrders
FNDA:1,clearError
FNDA:2,extraReducers
FNDA:0,selectProfileOrders
FNDA:0,selectProfileLoading
FNDA:0,selectProfileError
DA:1,1
DA:2,1
DA:3,1
DA:4,1
DA:5,1
DA:6,1
DA:7,1
DA:8,1
DA:9,1
DA:10,1
DA:11,1
DA:12,1
DA:13,1
DA:14,1
DA:15,1
DA:16,1
DA:17,1
DA:18,1
DA:19,1
DA:20,0
DA:21,0
DA:22,0
DA:23,0
DA:24,0
DA:25,0
DA:26,0
DA:27,0
DA:28,0
DA:29,1
DA:30,1
DA:31,1
DA:32,1
DA:33,1
DA:34,1
DA:35,1
DA:36,1
DA:37,1
DA:38,1
DA:39,1
DA:40,1
DA:41,1
DA:42,1
DA:43,1
DA:44,2
DA:45,2
DA:46,1
DA:47,1
DA:48,2
DA:49,2
DA:50,1
DA:51,1
DA:52,1
DA:53,2
DA:54,2
DA:55,1
DA:56,1
DA:57,2
DA:58,2
DA:59,1
DA:60,1
DA:61,1
DA:62,1
DA:63,1
DA:64,0
DA:65,1
DA:66,0
DA:67,1
DA:68,0
DA:69,1
DA:70,1
LF:70
LH:58
BRDA:35,0,0,1
BRDA:39,1,0,1
BRDA:43,2,0,2
BRDA:45,3,0,1
BRDA:49,4,0,1
BRDA:54,5,0,1
BRF:6
BRH:6
end_of_record
TN:
SF:src\services\user\actions.ts
FN:17,getErrorMessage
FNF:1
FNH:0
FNDA:0,getErrorMessage
DA:1,1
DA:2,1
DA:3,1
DA:4,1
DA:5,1
DA:6,1
DA:7,1
DA:8,1
DA:9,1
DA:10,1
DA:11,1
DA:12,1
DA:13,1
DA:14,1
DA:15,1
DA:16,1
DA:17,1
DA:18,0
DA:19,0
DA:20,0
DA:21,0
DA:22,1
DA:23,1
DA:24,1
DA:25,1
DA:26,0
DA:27,0
DA:28,0
DA:29,0
DA:30,0
DA:31,0
DA:32,1
DA:33,1
DA:34,1
DA:35,1
DA:36,1
DA:37,0
DA:38,0
DA:39,0
DA:40,0
DA:41,0
DA:42,0
DA:43,0
DA:44,1
DA:45,1
DA:46,1
DA:47,1
DA:48,1
DA:49,0
DA:50,0
DA:51,0
DA:52,0
DA:53,0
DA:54,0
DA:55,0
DA:56,1
DA:57,1
DA:58,1
DA:59,1
DA:60,1
DA:61,0
DA:62,0
DA:63,0
DA:64,0
DA:65,0
DA:66,0
DA:67,1
DA:68,1
DA:69,1
DA:70,1
DA:71,1
DA:72,0
DA:73,0
DA:74,0
DA:75,0
DA:76,0
DA:77,0
DA:78,1
DA:79,1
DA:80,1
DA:81,1
DA:82,1
DA:83,0
DA:84,0
DA:85,0
DA:86,0
DA:87,0
DA:88,0
DA:89,1
DA:90,1
DA:91,1
DA:92,1
DA:93,1
DA:94,0
DA:95,0
DA:96,0
DA:97,0
DA:98,0
DA:99,0
DA:100,0
DA:101,0
DA:102,0
DA:103,1
DA:104,1
DA:105,1
DA:106,1
DA:107,1
DA:108,0
DA:109,0
DA:110,0
DA:111,0
DA:112,0
DA:113,0
DA:114,0
DA:115,0
DA:116,0
DA:117,0
DA:118,1
DA:119,1
DA:120,1
DA:121,1
DA:122,1
DA:123,0
DA:124,0
DA:125,0
DA:126,0
DA:127,0
DA:128,0
DA:129,0
DA:130,1
LF:130
LH:62
BRF:0
BRH:0
end_of_record
TN:
SF:src\services\user\slice.ts
FN:37,clearError
FN:40,setAuthChecked
FN:43,resetPasswordState
FN:47,forceLogout
FN:55,extraReducers
FN:207,selectUser
FN:208,selectIsAuthenticated
FN:209,selectIsAuthChecked
FN:210,selectIsLoading
FN:211,selectError
FN:212,selectPasswordResetRequested
FNF:11
FNH:5
FNDA:1,clearError
FNDA:1,setAuthChecked
FNDA:1,resetPasswordState
FNDA:1,forceLogout
FNDA:2,extraReducers
FNDA:0,selectUser
FNDA:0,selectIsAuthenticated
FNDA:0,selectIsAuthChecked
FNDA:0,selectIsLoading
FNDA:0,selectError
FNDA:0,selectPasswordResetRequested
DA:1,1
DA:2,1
DA:3,1
DA:4,1
DA:5,1
DA:6,1
DA:7,1
DA:8,1
DA:9,1
DA:10,1
DA:11,1
DA:12,1
DA:13,1
DA:14,1
DA:15,1
DA:16,1
DA:17,1
DA:18,1
DA:19,1
DA:20,1
DA:21,1
DA:22,1
DA:23,1
DA:24,1
DA:25,1
DA:26,1
DA:27,1
DA:28,1
DA:29,1
DA:30,1
DA:31,1
DA:32,1
DA:33,1
DA:34,1
DA:35,1
DA:36,1
DA:37,1
DA:38,1
DA:39,1
DA:40,1
DA:41,1
DA:42,1
DA:43,1
DA:44,1
DA:45,1
DA:46,1
DA:47,1
DA:48,1
DA:49,1
DA:50,1
DA:51,1
DA:52,1
DA:53,1
DA:54,1
DA:55,1
DA:56,2
DA:57,2
DA:58,1
DA:59,1
DA:60,2
DA:61,2
DA:62,1
DA:63,1
DA:64,1
DA:65,1
DA:66,1
DA:67,2
DA:68,2
DA:69,1
DA:70,1
DA:71,1
DA:72,1
DA:73,1
DA:74,2
DA:75,2
DA:76,1
DA:77,1
DA:78,2
DA:79,2
DA:80,1
DA:81,1
DA:82,1
DA:83,1
DA:84,1
DA:85,2
DA:86,2
DA:87,1
DA:88,1
DA:89,1
DA:90,1
DA:91,1
DA:92,2
DA:93,2
DA:94,1
DA:95,1
DA:96,2
DA:97,2
DA:98,1
DA:99,1
DA:100,1
DA:101,1
DA:102,1
DA:103,2
DA:104,2
DA:105,1
DA:106,1
DA:107,1
DA:108,1
DA:109,1
DA:110,2
DA:111,2
DA:112,1
DA:113,1
DA:114,2
DA:115,2
DA:116,1
DA:117,1
DA:118,1
DA:119,1
DA:120,1
DA:121,2
DA:122,2
DA:123,1
DA:124,1
DA:125,1
DA:126,1
DA:127,1
DA:128,1
DA:129,2
DA:130,2
DA:131,1
DA:132,1
DA:133,2
DA:134,2
DA:135,1
DA:136,1
DA:137,1
DA:138,2
DA:139,2
DA:140,1
DA:141,1
DA:142,2
DA:143,2
DA:144,1
DA:145,1
DA:146,1
DA:147,2
DA:148,2
DA:149,1
DA:150,1
DA:151,1
DA:152,2
DA:153,2
DA:154,1
DA:155,1
DA:156,1
DA:157,1
DA:158,2
DA:159,2
DA:160,1
DA:161,1
DA:162,2
DA:163,2
DA:164,1
DA:165,1
DA:166,1
DA:167,2
DA:168,2
DA:169,1
DA:170,1
DA:171,2
DA:172,2
DA:173,1
DA:174,1
DA:175,2
DA:176,2
DA:177,1
DA:178,1
DA:179,1
DA:180,1
DA:181,1
DA:182,2
DA:183,2
DA:184,1
DA:185,1
DA:186,1
DA:187,1
DA:188,1
DA:189,2
DA:190,2
DA:191,1
DA:192,1
DA:193,2
DA:194,2
DA:195,1
DA:196,1
DA:197,2
DA:198,2
DA:199,1
DA:200,1
DA:201,1
DA:202,1
DA:203,1
DA:204,2
DA:205,1
DA:206,1
DA:207,1
DA:208,1
DA:209,1
DA:210,1
DA:211,1
DA:212,1
DA:213,1
DA:214,1
DA:215,1
DA:216,1
DA:217,1
DA:218,1
LF:218
LH:218
BRDA:37,0,0,1
BRDA:40,1,0,1
BRDA:43,2,0,1
BRDA:47,3,0,1
BRDA:55,4,0,2
BRDA:57,5,0,1
BRDA:61,6,0,1
BRDA:68,7,0,1
BRDA:73,8,0,0
BRDA:75,9,0,1
BRDA:79,10,0,1
BRDA:86,11,0,1
BRDA:91,12,0,0
BRDA:93,13,0,1
BRDA:97,14,0,1
BRDA:104,15,0,1
BRDA:111,16,0,1
BRDA:115,17,0,1
BRDA:122,18,0,1
BRDA:128,19,0,0
BRDA:130,20,0,1
BRDA:134,21,0,1
BRDA:139,22,0,1
BRDA:141,23,0,0
BRDA:143,24,0,1
BRDA:148,25,0,1
BRDA:153,26,0,1
BRDA:157,27,0,0
BRDA:159,28,0,1
BRDA:163,29,0,1
BRDA:168,30,0,1
BRDA:170,31,0,0
BRDA:172,32,0,1
BRDA:176,33,0,1
BRDA:183,34,0,1
BRDA:190,35,0,1
BRDA:194,36,0,1
BRDA:198,37,0,1
BRF:38
BRH:32
end_of_record
TN:
SF:src\utils\burger-api.ts
FN:6,checkResponse
FN:18,refreshToken
FN:38,fetchWithRefresh
FN:62,getAccessTokenSafe
FN:84,getIngredientsApi
FN:92,getFeedsApi
FN:100,getOrdersApi
FN:141,orderBurgerApi
FN:166,getOrderByNumberApi
FN:186,registerUserApi
FN:209,loginUserApi
FN:227,forgotPasswordApi
FN:241,resetPasswordApi
FN:257,getUserApi
FN:270,updateUserApi
FN:286,logoutApi
FN:312,validateUserAuth
FN:333,hasAuthTokens
FN:339,clearTokens
FNF:19
FNH:19
FNDA:14,checkResponse
FNDA:2,refreshToken
FNDA:4,fetchWithRefresh
FNDA:4,getAccessTokenSafe
FNDA:1,getIngredientsApi
FNDA:1,getFeedsApi
FNDA:1,getOrdersApi
FNDA:1,orderBurgerApi
FNDA:1,getOrderByNumberApi
FNDA:1,registerUserApi
FNDA:1,loginUserApi
FNDA:1,forgotPasswordApi
FNDA:1,resetPasswordApi
FNDA:1,getUserApi
FNDA:1,updateUserApi
FNDA:1,logoutApi
FNDA:1,validateUserAuth
FNDA:1,hasAuthTokens
FNDA:3,clearTokens
DA:1,1
DA:2,1
DA:3,1
DA:4,1
DA:5,1
DA:6,1
DA:7,14
DA:8,1
DA:9,1
DA:10,1
DA:11,1
DA:12,1
DA:13,1
DA:14,1
DA:15,1
DA:16,1
DA:17,1
DA:18,1
DA:19,2
DA:20,2
DA:21,2
DA:22,2
DA:23,2
DA:24,2
DA:25,2
DA:26,2
DA:27,2
DA:28,2
DA:29,2
DA:30,1
DA:31,0
DA:32,0
DA:33,1
DA:34,1
DA:35,1
DA:36,2
DA:37,1
DA:38,1
DA:39,4
DA:40,4
DA:41,4
DA:42,4
DA:43,4
DA:44,4
DA:45,4
DA:46,4
DA:47,4
DA:48,4
DA:49,4
DA:50,4
DA:51,4
DA:52,4
DA:53,4
DA:54,4
DA:55,4
DA:56,4
DA:57,4
DA:58,4
DA:59,4
DA:60,4
DA:61,1
DA:62,1
DA:63,4
DA:64,4
DA:65,0
DA:66,0
DA:67,0
DA:68,0
DA:69,0
DA:70,0
DA:71,4
DA:72,4
DA:73,1
DA:74,1
DA:75,1
DA:76,1
DA:77,1
DA:78,1
DA:79,1
DA:80,1
DA:81,1
DA:82,1
DA:83,1
DA:84,1
DA:85,1
DA:86,1
DA:87,1
DA:88,1
DA:89,0
DA:90,1
DA:91,1
DA:92,1
DA:93,1
DA:94,1
DA:95,1
DA:96,1
DA:97,0
DA:98,1
DA:99,1
DA:100,1
DA:101,1
DA:102,1
DA:103,1
DA:104,1
DA:105,1
DA:106,1
DA:107,1
DA:108,1
DA:109,1
DA:110,1
DA:111,0
DA:112,1
DA:113,1
DA:114,0
DA:115,0
DA:116,1
DA:117,1
DA:118,1
DA:119,1
DA:120,1
DA:121,1
DA:122,1
DA:123,1
DA:124,1
DA:125,1
DA:126,1
DA:127,1
DA:128,1
DA:129,1
DA:130,1
DA:131,1
DA:132,1
DA:133,1
DA:134,1
DA:135,1
DA:136,1
DA:137,1
DA:138,1
DA:139,1
DA:140,1
DA:141,1
DA:142,1
DA:143,1
DA:144,1
DA:145,1
DA:146,1
DA:147,1
DA:148,1
DA:149,1
DA:150,1
DA:151,1
DA:152,1
DA:153,1
DA:154,1
DA:155,0
DA:156,1
DA:157,1
DA:158,0
DA:159,0
DA:160,1
DA:161,1
DA:162,1
DA:163,1
DA:164,1
DA:165,1
DA:166,1
DA:167,1
DA:168,1
DA:169,1
DA:170,1
DA:171,1
DA:172,1
DA:173,1
DA:174,1
DA:175,1
DA:176,1
DA:177,1
DA:178,1
DA:179,1
DA:180,1
DA:181,1
DA:182,1
DA:183,1
DA:184,1
DA:185,1
DA:186,1
DA:187,1
DA:188,1
DA:189,1
DA:190,1
DA:191,1
DA:192,1
DA:193,1
DA:194,1
DA:195,1
DA:196,1
DA:197,1
DA:198,1
DA:199,1
DA:200,1
DA:201,0
DA:202,1
DA:203,1
DA:204,1
DA:205,1
DA:206,1
DA:207,1
DA:208,1
DA:209,1
DA:210,1
DA:211,1
DA:212,1
DA:213,1
DA:214,1
DA:215,1
DA:216,1
DA:217,1
DA:218,1
DA:219,1
DA:220,1
DA:221,1
DA:222,1
DA:223,1
DA:224,0
DA:225,1
DA:226,1
DA:227,1
DA:228,1
DA:229,1
DA:230,1
DA:231,1
DA:232,1
DA:233,1
DA:234,1
DA:235,1
DA:236,1
DA:237,1
DA:238,0
DA:239,1
DA:240,1
DA:241,1
DA:242,1
DA:243,1
DA:244,1
DA:245,1
DA:246,1
DA:247,1
DA:248,1
DA:249,1
DA:250,1
DA:251,1
DA:252,0
DA:253,1
DA:254,1
DA:255,1
DA:256,1
DA:257,1
DA:258,1
DA:259,1
DA:260,1
DA:261,1
DA:262,1
DA:263,1
DA:264,1
DA:265,1
DA:266,0
DA:267,0
DA:268,1
DA:269,1
DA:270,1
DA:271,1
DA:272,1
DA:273,1
DA:274,1
DA:275,1
DA:276,1
DA:277,1
DA:278,1
DA:279,1
DA:280,1
DA:281,1
DA:282,0
DA:283,0
DA:284,1
DA:285,1
DA:286,1
DA:287,1
DA:288,1
DA:289,1
DA:290,1
DA:291,0
DA:292,0
DA:293,0
DA:294,1
DA:295,1
DA:296,1
DA:297,1
DA:298,1
DA:299,1
DA:300,1
DA:301,1
DA:302,1
DA:303,1
DA:304,1
DA:305,1
DA:306,1
DA:307,1
DA:308,1
DA:309,1
DA:310,1
DA:311,1
DA:312,1
DA:313,1
DA:314,1
DA:315,1
DA:316,1
DA:317,1
DA:318,1
DA:319,1
DA:320,1
DA:321,1
DA:322,1
DA:323,1
DA:324,1
DA:325,1
DA:326,1
DA:327,1
DA:328,1
DA:329,1
DA:330,1
DA:331,1
DA:332,1
DA:333,1
DA:334,1
DA:335,1
DA:336,1
DA:337,1
DA:338,1
DA:339,1
DA:340,3
DA:341,3
DA:342,3
LF:342
LH:315
BRDA:6,0,0,14
BRDA:7,1,0,13
BRDA:7,2,0,1
BRDA:7,3,0,1
BRDA:18,4,0,2
BRDA:28,5,0,2
BRDA:29,6,0,1
BRDA:30,7,0,0
BRDA:38,8,0,4
BRDA:41,9,0,4
BRDA:44,10,0,4
BRDA:56,11,0,0
BRDA:58,12,0,0
BRDA:62,13,0,4
BRDA:64,14,0,0
BRDA:84,15,0,1
BRDA:86,16,0,1
BRDA:87,17,0,1
BRDA:88,18,0,0
BRDA:89,19,0,0
BRDA:92,20,0,1
BRDA:94,21,0,1
BRDA:95,22,0,1
BRDA:96,23,0,0
BRDA:97,24,0,0
BRDA:100,25,0,1
BRDA:113,26,0,0
BRDA:109,27,0,1
BRDA:110,28,0,0
BRDA:111,29,0,0
BRDA:141,30,0,1
BRDA:157,31,0,0
BRDA:153,32,0,1
BRDA:154,33,0,0
BRDA:155,34,0,0
BRDA:166,35,0,1
BRDA:172,36,0,1
BRDA:186,37,0,1
BRDA:194,38,0,1
BRDA:195,39,0,1
BRDA:196,40,0,0
BRDA:201,41,0,0
BRDA:209,42,0,1
BRDA:217,43,0,1
BRDA:218,44,0,1
BRDA:219,45,0,0
BRDA:224,46,0,0
BRDA:227,47,0,1
BRDA:235,48,0,1
BRDA:236,49,0,1
BRDA:237,50,0,0
BRDA:238,51,0,0
BRDA:241,52,0,1
BRDA:249,53,0,1
BRDA:250,54,0,1
BRDA:251,55,0,0
BRDA:252,56,0,0
BRDA:257,57,0,1
BRDA:265,58,0,0
BRDA:270,59,0,1
BRDA:281,60,0,0
BRDA:286,61,0,1
BRDA:286,62,0,1
BRDA:290,63,0,0
BRDA:312,64,0,1
BRDA:312,65,0,1
BRDA:333,66,0,1
BRDA:336,67,0,0
BRDA:339,68,0,3
BRF:69
BRH:43
end_of_record
TN:
SF:src\utils\cookie.ts
FN:1,getCookie
FN:13,setCookie
FN:45,deleteCookie
FNF:3
FNH:0
FNDA:0,getCookie
FNDA:0,setCookie
FNDA:0,deleteCookie
DA:1,0
DA:2,0
DA:3,0
DA:4,0
DA:5,0
DA:6,0
DA:7,0
DA:8,0
DA:9,0
DA:10,0
DA:11,0
DA:12,1
DA:13,0
DA:14,0
DA:15,0
DA:16,0
DA:17,0
DA:18,0
DA:19,0
DA:20,0
DA:21,0
DA:22,0
DA:23,0
DA:24,0
DA:25,0
DA:26,0
DA:27,0
DA:28,0
DA:29,0
DA:30,0
DA:31,0
DA:32,0
DA:33,0
DA:34,0
DA:35,0
DA:36,0
DA:37,0
DA:38,0
DA:39,0
DA:40,0
DA:41,0
DA:42,0
DA:43,0
DA:44,1
DA:45,0
DA:46,0
DA:47,0
LF:47
LH:2
BRF:0
BRH:0
end_of_record
